[2016-09-19 18:47:47] START
[2016-09-19 18:48:00] EDIT codebolt/controllers/default.py: 0
[2016-09-19 18:48:33] EDIT codebolt/controllers/default.py: -7
[2016-09-19 18:48:43] EDIT codebolt/views/default/index.html: -48
[2016-09-19 18:49:40] EDIT codebolt/models/menu.py: 0
[2016-09-19 18:50:02] EDIT codebolt/models/menu.py: -92
[2016-09-19 18:51:04] EDIT codebolt/models/menu.py: 2
[2016-09-19 18:51:46] EDIT codebolt/views/layout.html: -5
[2016-09-19 18:52:39] CREATE game.py: 0
[2016-09-19 18:52:48] EDIT codebolt/controllers/game.py: 1
[2016-09-19 18:53:00] EDIT codebolt/controllers/game.py: 0
[2016-09-19 18:53:47] EDIT codebolt/controllers/game.py: 0
[2016-09-19 18:54:32] CREATE game/index.html.py: 0
[2016-09-19 18:54:39] CREATE game/index.html: 0
[2016-09-19 18:54:45] EDIT codebolt/views/game/index.html: -2
[2016-09-19 18:55:01] EDIT codebolt/views/game/index.html: 60
[2016-09-19 18:56:17] EDIT codebolt/views/game/index.html: 0
[2016-09-19 18:56:50] EDIT codebolt/views/game/index.html: 1
[2016-09-19 18:57:18] EDIT codebolt/views/game/index.html: 0
[2016-09-19 18:57:52] EDIT codebolt/views/game/index.html: 1
[2016-09-19 18:58:07] EDIT codebolt/views/game/index.html: 0
[2016-09-19 18:59:54] EDIT codebolt/controllers/game.py: 1
[2016-09-19 19:01:07] EDIT codebolt/views/game/index.html: 1
[2016-09-19 19:03:06] EDIT codebolt/views/game/index.html: 0
[2016-09-19 19:04:50] EDIT codebolt/views/game/index.html: -1
[2016-09-19 19:07:03] EDIT codebolt/views/game/index.html: -2
[2016-09-19 19:07:18] EDIT codebolt/views/game/index.html: 0
[2016-09-19 19:08:03] EDIT codebolt/views/game/index.html: 0
[2016-09-19 19:09:02] EDIT codebolt/views/game/index.html: 0
[2016-09-19 19:09:13] EDIT codebolt/views/game/index.html: 0
[2016-09-19 19:10:27] EDIT codebolt/views/game/index.html: 0
[2016-09-19 19:10:59] EDIT codebolt/views/game/index.html: 1
[2016-09-19 19:11:43] EDIT codebolt/views/game/index.html: 1
[2016-09-19 19:12:00] EDIT codebolt/views/game/index.html: 0
[2016-09-19 19:12:29] EDIT codebolt/views/game/index.html: -2
[2016-09-19 19:13:18] EDIT codebolt/views/game/index.html: 0
[2016-09-19 19:14:01] EDIT codebolt/views/game/index.html: 0
[2016-09-19 19:14:14] EDIT codebolt/views/game/index.html: 1
[2016-09-19 19:15:16] EDIT codebolt/views/game/index.html: 0
[2016-09-19 19:15:26] EDIT codebolt/views/game/index.html: 0
[2016-09-19 19:17:15] EDIT codebolt/views/game/index.html: -1
[2016-09-19 19:18:35] EDIT codebolt/views/game/index.html: 0
[2016-09-19 19:19:03] EDIT codebolt/views/game/index.html: 0
[2016-09-19 19:19:29] EDIT codebolt/views/game/index.html: 0
[2016-09-19 19:24:48] EDIT codebolt/views/game/index.html: -8
[2016-09-19 19:25:06] EDIT codebolt/views/default/index.html: 53
[2016-09-19 19:25:15] EDIT codebolt/views/default/index.html: -1
[2016-09-19 19:25:35] EDIT codebolt/controllers/default.py: 1
[2016-09-19 19:25:51] CREATE game.py: 0
[2016-09-19 19:38:54] EDIT codebolt/models/game.py: 4
[2016-09-19 19:39:22] EDIT codebolt/models/game.py: 0
[2016-09-19 19:39:43] EDIT codebolt/models/game.py: 0
[2016-09-19 19:41:02] EDIT codebolt/controllers/default.py: 1
[2016-09-19 19:42:17] EDIT codebolt/models/game.py: 0
[2016-09-19 19:45:03] EDIT codebolt/models/db.py: 0
[2016-09-19 19:46:07] EDIT codebolt/models/db.py: 3
[2016-09-19 19:46:31] EDIT codebolt/models/db.py: 0
[2016-09-19 19:46:58] EDIT codebolt/controllers/default.py: 0
[2016-09-19 19:48:12] EDIT codebolt/models/db.py: 0
[2016-09-19 19:50:06] EDIT codebolt/models/db.py: 0
[2016-09-19 19:50:28] EDIT codebolt/models/game.py: -4
[2016-09-19 19:50:53] EDIT codebolt/views/default/index.html: 2
[2016-09-19 19:51:37] EDIT codebolt/views/default/index.html: 3
[2016-09-19 19:52:17] EDIT codebolt/views/default/index.html: -4
[2016-09-19 19:53:10] EDIT codebolt/models/db.py: 0
[2016-09-19 19:54:38] EDIT codebolt/models/db.py: 0
[2016-09-19 19:55:12] EDIT codebolt/views/default/index.html: 4
[2016-09-19 19:56:08] EDIT codebolt/views/default/index.html: 0
[2016-09-19 19:56:38] EDIT codebolt/views/default/index.html: 0
[2016-09-19 19:57:00] EDIT codebolt/views/default/index.html: 0
[2016-09-19 19:58:47] EDIT codebolt/models/db.py: 0
[2016-09-19 19:58:56] EDIT codebolt/models/db.py: 0
[2016-09-19 19:59:34] EDIT codebolt/models/db.py: 0
[2016-09-19 19:59:51] EDIT codebolt/models/db.py: 0
[2016-09-19 19:59:58] EDIT codebolt/models/db.py: 0
[2016-09-19 20:00:20] EDIT codebolt/views/default/index.html: 0
[2016-09-19 20:06:09] EDIT codebolt/views/default/index.html: 0
[2016-09-19 20:06:17] EDIT codebolt/views/default/index.html: 0
[2016-09-19 20:07:47] EDIT codebolt/views/default/index.html: 2
[2016-09-19 20:07:54] EDIT codebolt/views/default/index.html: 0
[2016-09-19 20:08:18] EDIT codebolt/views/default/index.html: 1
[2016-09-19 20:08:24] EDIT codebolt/views/default/index.html: 0
[2016-09-19 20:08:38] EDIT codebolt/views/default/index.html: 0
[2016-09-19 20:09:24] EDIT codebolt/views/default/index.html: 6
[2016-09-19 20:10:22] EDIT codebolt/views/default/index.html: 0
[2016-09-19 20:10:37] EDIT codebolt/views/default/index.html: 0
[2016-09-19 20:11:15] EDIT codebolt/views/default/index.html: 0
[2016-09-19 20:11:31] EDIT codebolt/views/default/index.html: 0
[2016-09-19 20:11:57] EDIT codebolt/views/default/index.html: 1
[2016-09-19 20:12:16] EDIT codebolt/views/default/index.html: 0
[2016-09-19 20:13:29] EDIT codebolt/views/default/index.html: 3
[2016-09-19 20:15:27] EDIT codebolt/views/default/index.html: 3
[2016-09-19 20:15:47] EDIT codebolt/views/default/index.html: -2
[2016-09-19 22:26:30] EDIT codebolt/controllers/default.py: 1
[2016-09-19 22:29:48] EDIT codebolt/views/default/index.html: -2
[2016-09-19 22:31:13] EDIT codebolt/views/default/index.html: -14
[2016-09-19 22:32:02] EDIT codebolt/views/default/index.html: -1
[2016-09-19 22:35:37] EDIT codebolt/views/default/index.html: 1
[2016-09-19 22:35:40] EDIT codebolt/views/default/index.html: 0
[2016-09-19 22:37:13] EDIT codebolt/views/default/index.html: 0
[2016-09-19 22:39:08] EDIT codebolt/views/default/index.html: 0
[2016-09-19 22:42:54] EDIT codebolt/views/default/index.html: 0
[2016-09-19 22:43:51] EDIT codebolt/views/default/index.html: 0
[2016-09-19 22:44:15] EDIT codebolt/views/default/index.html: 0
[2016-09-19 22:44:43] EDIT codebolt/views/default/index.html: 0
[2016-09-19 22:45:32] EDIT codebolt/views/default/index.html: 0
[2016-09-19 22:47:48] EDIT codebolt/views/default/index.html: 0
[2016-09-19 22:48:48] EDIT codebolt/views/default/index.html: 0
[2016-09-19 22:49:23] EDIT codebolt/views/default/index.html: 0
[2016-09-19 22:51:56] EDIT codebolt/views/default/index.html: 0
[2016-09-19 22:54:09] EDIT codebolt/views/default/index.html: 0
[2016-09-19 22:54:52] EDIT codebolt/views/default/index.html: 0
[2016-09-19 22:58:49] EDIT codebolt/views/default/index.html: -1
[2016-09-19 23:00:03] EDIT codebolt/views/default/index.html: 4
[2016-09-19 23:00:33] EDIT codebolt/views/default/index.html: -1
[2016-09-19 23:01:22] EDIT codebolt/views/default/index.html: -3
[2016-09-19 23:02:32] EDIT codebolt/views/default/index.html: -1
[2016-09-19 23:03:36] EDIT codebolt/views/default/index.html: 2
[2016-09-19 23:03:49] EDIT codebolt/views/default/index.html: 0
[2016-09-19 23:04:12] EDIT codebolt/views/default/index.html: 0
[2016-09-19 23:04:48] EDIT codebolt/views/default/index.html: -2
[2016-09-19 23:05:48] EDIT codebolt/views/default/index.html: 3
[2016-09-19 23:05:55] EDIT codebolt/views/default/index.html: -1
[2016-09-19 23:06:40] EDIT codebolt/views/default/index.html: 0
[2016-09-19 23:08:13] EDIT codebolt/views/default/index.html: -4
[2016-09-19 23:09:01] EDIT codebolt/views/default/index.html: 0
[2016-09-19 23:09:20] EDIT codebolt/views/default/index.html: 0
[2016-09-19 23:15:22] EDIT codebolt/views/default/index.html: 0
[2016-09-19 23:16:31] EDIT codebolt/views/default/index.html: 0
[2016-09-19 23:17:06] EDIT codebolt/views/default/index.html: 0
[2016-09-19 23:17:24] EDIT codebolt/views/default/index.html: 0
[2016-09-19 23:18:20] EDIT codebolt/views/default/index.html: 0
[2016-09-19 23:19:56] EDIT codebolt/views/default/index.html: 0
[2016-09-19 23:20:06] EDIT codebolt/views/default/index.html: 0
[2016-09-19 23:20:56] CREATE level1.py: 0
[2016-09-19 23:20:59] EDIT codebolt/controllers/level1.py: 1
[2016-09-19 23:21:03] EDIT codebolt/controllers/level1.py: 0
[2016-09-19 23:21:08] EDIT codebolt/controllers/level1.py: 0
[2016-09-19 23:21:16] EDIT codebolt/controllers/level1.py: 0
[2016-09-19 23:21:39] EDIT codebolt/views/default/index.html: -1
[2016-09-19 23:23:52] EDIT codebolt/views/default/index.html: 2
[2016-09-19 23:24:10] EDIT codebolt/views/default/index.html: 1
[2016-09-19 23:25:02] EDIT codebolt/views/default/index.html: 0
[2016-09-19 23:30:19] EDIT codebolt/views/default/index.html: 0
[2016-09-19 23:34:39] DELETE codebolt/controllers/game.py: -3
[2016-09-19 23:34:46] DELETE codebolt/controllers/game/index.html.py: -1
[2016-09-19 23:35:14] DELETE codebolt/views/game/index.html: -53
[2016-09-19 23:35:25] EDIT codebolt/controllers/level1.py: 0
[2016-09-19 23:35:50] CREATE level1/index.html: 0
[2016-09-19 23:35:57] EDIT codebolt/views/level1/index.html: -2
[2016-09-20 09:30:54] EDIT codebolt/views/default/index.html: 1
[2016-09-25 06:56:16] UPLOAD /home/reckon/web2py/applications/codebolt/static/js/jquery.js: 8935
[2016-09-25 06:56:44] UPLOAD /home/reckon/web2py/applications/codebolt/static/js/jquery_ui.js: 15638
[2016-09-25 06:57:31] EDIT codebolt/views/level1/index.html: 191
[2016-09-25 06:58:55] UPLOAD /home/reckon/web2py/applications/codebolt/static/js/phaser.js: 84296
[2016-09-25 07:00:22] EDIT codebolt/views/level1/index.html: 0
[2016-09-25 07:00:42] UPLOAD /home/reckon/web2py/applications/codebolt/static/images/heroright.png: 31
[2016-09-25 07:01:00] UPLOAD /home/reckon/web2py/applications/codebolt/static/images/bound.png: 41
[2016-09-25 07:01:54] UPLOAD /home/reckon/web2py/applications/codebolt/static/diamond.png: 36
[2016-09-25 07:02:23] UPLOAD /home/reckon/web2py/applications/codebolt/static/images/back.jpg: 147
[2016-09-25 07:04:27] EDIT codebolt/views/level1/index.html: 0
[2016-09-25 07:06:12] DELETE codebolt/static/diamond.png: -36
[2016-09-25 07:06:34] UPLOAD /home/reckon/web2py/applications/codebolt/static/images/diamond.png: 36
[2016-09-25 07:07:10] UPLOAD /home/reckon/web2py/applications/codebolt/static/backgroun.jpg: 252
[2016-09-25 07:09:54] UPLOAD /home/reckon/web2py/applications/codebolt/static/images/backgroun.jpg: 252
[2016-09-25 07:10:20] EDIT codebolt/views/level1/index.html: 0
[2016-09-25 07:11:18] UPLOAD /home/reckon/web2py/applications/codebolt/static/js/phaser.min.js: 27
[2016-09-25 07:11:27] EDIT codebolt/views/level1/index.html: 0
[2016-09-25 07:12:27] EDIT codebolt/views/level1/index.html: 1
[2016-09-25 07:12:58] EDIT codebolt/views/level1/index.html: 0
[2016-09-26 08:55:44] EDIT codebolt/views/level1/index.html: 0
[2016-09-26 08:56:18] EDIT codebolt/views/level1/index.html: 0
[2016-09-26 08:57:03] EDIT codebolt/views/level1/index.html: 0
[2016-09-26 08:57:20] EDIT codebolt/views/level1/index.html: 0
[2016-09-26 08:57:48] EDIT codebolt/views/level1/index.html: 0
[2016-09-26 08:57:59] EDIT codebolt/views/level1/index.html: 0
[2016-09-26 08:58:27] EDIT codebolt/views/level1/index.html: 0
[2016-09-26 08:59:16] EDIT codebolt/views/level1/index.html: 0
[2016-09-26 09:36:43] DELETE codebolt/static/backgroun.jpg: -252
[2016-09-26 09:40:53] UPLOAD /home/reckon/web2py/applications/codebolt/static/images/background1.jpg: 687
[2016-09-26 09:41:11] EDIT codebolt/views/level1/index.html: -2
[2016-09-26 09:42:39] EDIT codebolt/views/level1/index.html: 0
[2016-09-26 09:43:11] UPLOAD /home/reckon/web2py/applications/codebolt/static/images/box.jpg: 111
[2016-09-26 09:44:36] EDIT codebolt/static/css/bootstrap.min.css: -1
[2016-09-26 09:45:26] EDIT codebolt/static/css/bootstrap.min.css: 0
[2016-09-26 09:47:01] EDIT codebolt/views/level1/index.html: 1
[2016-09-26 09:49:09] DELETE codebolt/static/images/back.jpg: -147
[2016-09-26 09:49:17] DELETE codebolt/static/images/backgroun.jpg: -252
[2016-09-26 09:49:43] EDIT codebolt/views/level1/index.html: -1
[2016-09-26 10:30:51] EDIT codebolt/views/level1/index.html: 1
[2016-09-26 10:31:48] EDIT codebolt/views/level1/index.html: 0
[2016-09-26 10:36:24] EDIT codebolt/views/level1/index.html: -3
[2016-09-26 10:37:52] EDIT codebolt/views/level1/index.html: 3
[2016-09-26 10:39:35] EDIT codebolt/views/level1/index.html: -4
[2016-09-26 10:43:15] EDIT codebolt/views/level1/index.html: 3
[2016-09-26 10:54:54] EDIT codebolt/views/level1/index.html: 1
[2016-09-26 10:55:50] EDIT codebolt/views/level1/index.html: 0
[2016-09-26 10:56:50] EDIT codebolt/views/level1/index.html: 5
[2016-09-26 10:58:29] EDIT codebolt/views/level1/index.html: 0
[2016-09-26 11:00:09] EDIT codebolt/views/level1/index.html: 1
[2016-09-26 11:03:34] EDIT codebolt/views/level1/index.html: 1
[2016-09-26 11:04:37] EDIT codebolt/views/level1/index.html: 1
[2016-09-26 11:05:29] EDIT codebolt/views/level1/index.html: 1
[2016-09-26 11:08:29] EDIT codebolt/views/level1/index.html: 7
[2016-09-26 11:08:53] EDIT codebolt/views/level1/index.html: 0
[2016-09-26 11:10:21] EDIT codebolt/views/level1/index.html: 0
[2016-09-26 11:10:26] EDIT codebolt/views/level1/index.html: 0
[2016-09-26 11:13:43] EDIT codebolt/views/level1/index.html: -7
[2016-09-26 11:24:52] EDIT codebolt/views/level1/index.html: 0
[2016-09-26 11:25:18] EDIT codebolt/views/level1/index.html: 0
[2016-09-26 11:26:14] EDIT codebolt/views/level1/index.html: 0
[2016-09-26 11:27:05] EDIT codebolt/views/level1/index.html: 0
[2016-09-26 11:27:29] EDIT codebolt/views/level1/index.html: 0
[2016-09-26 11:29:05] EDIT codebolt/views/level1/index.html: 4
[2016-09-26 11:29:56] EDIT codebolt/views/level1/index.html: -3
[2016-09-26 11:30:30] EDIT codebolt/views/level1/index.html: 0
[2016-09-26 11:31:03] EDIT codebolt/views/level1/index.html: 0
[2016-09-26 11:32:14] EDIT codebolt/views/level1/index.html: 3
[2016-09-26 11:33:54] EDIT codebolt/views/level1/index.html: 2
[2016-09-26 11:34:50] EDIT codebolt/views/level1/index.html: 0
[2016-09-26 11:38:30] EDIT codebolt/views/level1/index.html: 4
[2016-09-26 11:39:16] EDIT codebolt/views/level1/index.html: 1
[2016-09-26 11:39:25] EDIT codebolt/views/level1/index.html: 0
[2016-09-26 11:40:50] EDIT codebolt/views/level1/index.html: 0
[2016-09-26 11:43:08] EDIT codebolt/views/level1/index.html: 3
[2016-09-26 11:43:24] EDIT codebolt/views/level1/index.html: 0
[2016-09-26 11:44:19] EDIT codebolt/views/level1/index.html: 0
[2016-09-26 11:54:32] EDIT codebolt/views/level1/index.html: 14
[2016-09-26 11:55:08] EDIT codebolt/views/level1/index.html: 3
[2016-09-26 11:55:29] EDIT codebolt/views/level1/index.html: 0
[2016-09-26 11:55:42] EDIT codebolt/views/level1/index.html: 0
[2016-09-26 11:56:01] EDIT codebolt/views/level1/index.html: 0
[2016-09-26 11:56:46] EDIT codebolt/views/level1/index.html: 2
[2016-09-26 11:57:48] EDIT codebolt/views/level1/index.html: 5
[2016-09-26 11:58:43] EDIT codebolt/views/level1/index.html: 0
[2016-09-26 11:59:12] EDIT codebolt/views/level1/index.html: 0
[2016-09-26 11:59:49] EDIT codebolt/views/level1/index.html: 0
[2016-09-26 12:00:03] EDIT codebolt/views/level1/index.html: 0
[2016-09-26 12:01:32] EDIT codebolt/views/level1/index.html: 0
[2016-09-26 12:07:33] EDIT codebolt/views/level1/index.html: 2
[2016-09-26 12:12:16] UPLOAD /home/reckon/web2py/applications/codebolt/static/images/hero.gif: 25
[2016-09-26 12:12:40] EDIT codebolt/views/level1/index.html: 0
[2016-09-26 12:14:59] UPLOAD /home/reckon/web2py/applications/codebolt/static/images/butter.gif: 23
[2016-09-26 12:15:09] EDIT codebolt/views/level1/index.html: 0
[2016-09-26 12:15:33] EDIT codebolt/views/level1/index.html: 0
[2016-09-26 12:17:47] UPLOAD /home/reckon/web2py/applications/codebolt/static/images/tom.jpg: 521
[2016-09-26 12:18:01] EDIT codebolt/views/level1/index.html: 0
[2016-09-26 12:18:49] UPLOAD /home/reckon/web2py/applications/codebolt/static/images/tom.jpg: 35
[2016-09-26 12:19:12] EDIT codebolt/views/level1/index.html: 0
[2016-09-26 12:19:40] EDIT codebolt/views/level1/index.html: 0
[2016-09-26 12:19:57] EDIT codebolt/views/level1/index.html: 0
[2016-09-26 12:22:27] DELETE codebolt/static/images/box.jpg: -111
[2016-09-26 12:25:06] UPLOAD /home/reckon/web2py/applications/codebolt/static/images/box.jpg: 2732
[2016-09-26 12:25:19] UPLOAD /home/reckon/web2py/applications/codebolt/static/images/box.jpg: 111
[2016-09-26 12:25:46] EDIT codebolt/views/level1/index.html: 0
[2016-09-26 12:27:00] EDIT codebolt/views/level1/index.html: 0
[2016-09-26 12:28:09] EDIT codebolt/views/level1/index.html: 0
[2016-09-26 12:28:16] EDIT codebolt/views/level1/index.html: 0
[2016-09-26 12:28:28] EDIT codebolt/views/level1/index.html: 0
[2016-09-26 16:09:53] EDIT codebolt/views/level1/index.html: 0
[2016-09-26 16:35:07] EDIT codebolt/views/level1/index.html: 2
[2016-09-26 16:35:20] EDIT codebolt/views/level1/index.html: 0
[2016-09-26 16:35:36] EDIT codebolt/views/level1/index.html: 0
[2016-09-26 16:36:01] EDIT codebolt/views/level1/index.html: -1
[2016-09-27 09:26:03] EDIT codebolt/models/db.py: 1
[2016-09-27 09:27:38] EDIT codebolt/models/db.py: -1
[2016-09-27 09:29:14] EDIT codebolt/models/game.py: 4
[2016-09-27 09:29:35] CREATE profile.py: 0
[2016-09-27 09:29:48] EDIT codebolt/controllers/profile.py: 1
[2016-09-27 09:31:46] EDIT codebolt/controllers/profile.py: 6
[2016-09-27 09:32:03] EDIT codebolt/models/game.py: 1
[2016-09-27 09:32:46] CREATE profile/index.html: 0
[2016-09-27 09:32:56] EDIT codebolt/views/profile/index.html: -1
[2016-09-27 09:33:04] EDIT codebolt/views/profile/index.html: 2
[2016-09-27 09:33:20] EDIT codebolt/views/profile/index.html: 0
[2016-09-27 09:34:13] EDIT codebolt/models/game.py: 0
[2016-09-27 09:34:39] EDIT codebolt/controllers/profile.py: 0
[2016-09-27 09:35:04] EDIT codebolt/controllers/profile.py: 1
[2016-09-27 09:36:04] EDIT codebolt/views/profile/index.html: 3
[2016-09-27 09:36:08] EDIT codebolt/views/profile/index.html: 0
[2016-09-27 09:36:25] EDIT codebolt/views/profile/index.html: 1
[2016-09-27 09:37:22] EDIT codebolt/controllers/default.py: 2
[2016-09-27 09:37:28] EDIT codebolt/controllers/default.py: 0
[2016-09-27 09:38:13] EDIT codebolt/models/game.py: 0
[2016-09-27 09:40:08] EDIT codebolt/views/profile/index.html: 6
[2016-09-27 09:40:48] EDIT codebolt/controllers/profile.py: 0
[2016-09-27 09:41:54] EDIT codebolt/views/profile/index.html: 0
[2016-09-27 09:42:08] EDIT codebolt/controllers/profile.py: 0
[2016-09-27 09:42:43] EDIT codebolt/views/profile/index.html: 0
[2016-09-27 09:43:18] EDIT codebolt/controllers/profile.py: 1
[2016-09-27 09:43:35] EDIT codebolt/controllers/profile.py: 0
[2016-09-27 09:46:27] UPLOAD /home/reckon/web2py/applications/codebolt/static/images/defaultdp.png: 23
[2016-09-27 09:46:59] EDIT codebolt/views/profile/index.html: 1
[2016-09-27 09:47:20] EDIT codebolt/views/profile/index.html: 0
[2016-09-27 09:47:54] EDIT codebolt/views/profile/index.html: 7
[2016-09-27 09:48:08] EDIT codebolt/views/profile/index.html: 1
[2016-09-27 09:48:11] EDIT codebolt/views/profile/index.html: -1
[2016-09-27 09:48:42] EDIT codebolt/views/profile/index.html: 1
[2016-09-27 09:49:02] EDIT codebolt/views/profile/index.html: 1
[2016-09-27 09:49:45] EDIT codebolt/views/profile/index.html: 2
[2016-09-27 09:49:52] EDIT codebolt/views/profile/index.html: 0
[2016-09-27 09:50:25] EDIT codebolt/views/default/index.html: 0
[2016-09-27 09:52:15] EDIT codebolt/views/default/index.html: 7
[2016-09-27 09:52:34] EDIT codebolt/controllers/default.py: 3
[2016-09-27 09:53:11] EDIT codebolt/views/default/index.html: 8
[2016-09-27 09:53:22] EDIT codebolt/views/default/index.html: 0
[2016-09-27 09:53:33] EDIT codebolt/views/default/index.html: 0
[2016-09-27 09:54:14] EDIT codebolt/views/default/index.html: 0
[2016-09-27 09:54:36] EDIT codebolt/views/default/index.html: 0
[2016-09-27 09:54:48] EDIT codebolt/views/default/index.html: 0
[2016-09-27 09:57:40] EDIT codebolt/views/default/index.html: 1
[2016-09-27 09:57:53] EDIT codebolt/views/default/index.html: 3
[2016-09-27 09:58:11] EDIT codebolt/views/default/index.html: 0
[2016-09-27 09:58:48] EDIT codebolt/views/default/index.html: 0
[2016-09-27 09:59:49] EDIT codebolt/views/profile/index.html: 4
[2016-09-27 10:00:07] EDIT codebolt/views/profile/index.html: -4
[2016-10-01 13:51:12] EDIT codebolt/models/db.py: 2
[2016-10-01 13:51:25] CREATE itocoding.py: 0
[2016-10-01 13:51:51] EDIT codebolt/controllers/itocoding.py: 6
[2016-10-01 13:52:02] EDIT codebolt/controllers/itocoding.py: 0
[2016-10-01 13:53:07] EDIT codebolt/views/default/index.html: 0
[2016-10-01 13:53:54] CREATE itocoding/index.html: 0
[2016-10-01 13:53:59] EDIT codebolt/views/itocoding/index.html: 71
[2016-10-01 13:54:21] EDIT codebolt/controllers/itocoding.py: 0
[2016-10-01 13:54:31] EDIT codebolt/controllers/itocoding.py: 0
[2016-10-01 13:55:16] EDIT codebolt/controllers/itocoding.py: 1
[2016-10-01 13:56:46] EDIT codebolt/controllers/itocoding.py: 0
[2016-10-01 13:57:15] EDIT codebolt/controllers/itocoding.py: 0
[2016-10-01 14:00:50] EDIT codebolt/views/itocoding/index.html: 0
[2016-10-01 14:03:30] EDIT codebolt/views/itocoding/index.html: 0
[2016-10-01 14:03:50] EDIT codebolt/views/itocoding/index.html: 0
[2016-10-01 14:05:04] EDIT codebolt/views/itocoding/index.html: 0
[2016-10-01 14:05:55] EDIT codebolt/views/itocoding/index.html: 0
[2016-10-01 14:06:27] EDIT codebolt/controllers/itocoding.py: 2
[2016-10-01 14:06:31] EDIT codebolt/controllers/itocoding.py: 0
[2016-10-01 14:06:52] CREATE itocoding/level1.html: 0
[2016-10-01 14:07:13] EDIT codebolt/views/itocoding/level1.html: 239
[2016-10-01 14:08:53] CREATE itocomputers.py: 0
[2016-10-01 14:10:32] EDIT codebolt/controllers/itocoding.py: 2
[2016-10-01 14:11:02] CREATE itocomputers.index.html: 0
[2016-10-01 14:11:07] EDIT codebolt/views/itocomputers.index.html: 71
[2016-10-01 14:11:28] EDIT codebolt/views/itocomputers.index.html: 0
[2016-10-01 14:11:46] EDIT codebolt/controllers/itocomputers.py: 7
[2016-10-01 14:12:06] EDIT codebolt/views/itocomputers.index.html: 0
[2016-10-01 14:12:39] CREATE itocomputers/index.html: 0
[2016-10-01 14:13:04] EDIT codebolt/views/itocomputers/index.html: 71
[2016-10-01 14:13:52] EDIT codebolt/views/itocomputers/index.html: 3
[2016-10-01 14:14:09] EDIT codebolt/views/itocoding/index.html: 3
[2016-10-01 14:14:14] EDIT codebolt/views/itocoding/index.html: 0
[2016-10-01 14:14:31] EDIT codebolt/views/itocoding/index.html: 0
[2016-10-01 14:14:54] EDIT codebolt/views/itocomputers/index.html: 0
[2016-10-01 14:15:23] DELETE codebolt/controllers/level1.py: -2
[2016-10-01 14:15:39] DELETE codebolt/views/level1/index.html: -242
[2016-10-01 14:15:47] DELETE codebolt/views/level1/index.html.1: -215
[2016-10-01 14:18:48] EDIT codebolt/views/itocoding/level1.html: 1
[2016-10-01 14:19:43] EDIT codebolt/views/itocoding/level1.html: 0
[2016-10-01 14:20:26] EDIT codebolt/views/itocoding/level1.html: 0
[2016-10-01 14:22:48] EDIT codebolt/controllers/itocoding.py: 0
[2016-10-01 14:23:26] EDIT codebolt/controllers/itocoding.py: 0
[2016-10-01 15:41:41] EDIT codebolt/controllers/itocoding.py: 0
[2016-10-01 15:42:32] EDIT codebolt/views/itocoding/level1.html: 0
[2016-10-01 15:43:52] EDIT codebolt/views/itocoding/level1.html: 0
[2016-10-01 15:47:16] EDIT codebolt/controllers/itocoding.py: 3
[2016-10-01 15:49:08] EDIT codebolt/views/itocoding/level1.html: 0
[2016-10-01 15:50:02] EDIT codebolt/controllers/itocoding.py: 3
[2016-10-01 15:51:35] EDIT codebolt/controllers/itocoding.py: -3
[2016-10-01 15:51:58] EDIT codebolt/controllers/itocoding.py: 0
[2016-10-01 15:51:59] EDIT codebolt/controllers/itocoding.py: 0
[2016-10-01 15:52:02] EDIT codebolt/controllers/itocoding.py: 0
[2016-10-01 15:52:12] EDIT codebolt/controllers/itocoding.py: 0
[2016-10-01 15:52:13] EDIT codebolt/controllers/itocoding.py: 0
[2016-10-01 15:52:28] EDIT codebolt/controllers/itocoding.py: 0
[2016-10-01 15:52:40] EDIT codebolt/controllers/itocoding.py: 0
[2016-10-01 15:52:41] EDIT codebolt/controllers/itocoding.py: 0
[2016-10-01 15:52:52] EDIT codebolt/controllers/itocoding.py: -3
[2016-10-01 15:53:05] EDIT codebolt/controllers/itocoding.py: 3
[2016-10-01 15:53:41] EDIT codebolt/controllers/itocoding.py: 0
[2016-10-01 15:55:00] EDIT codebolt/controllers/itocoding.py: 2
[2016-10-01 15:56:55] EDIT codebolt/controllers/itocoding.py: 3
[2016-10-01 15:56:57] EDIT codebolt/controllers/itocoding.py: 0
[2016-10-01 15:56:58] EDIT codebolt/controllers/itocoding.py: 0
[2016-10-01 15:57:05] EDIT codebolt/controllers/itocoding.py: 0
[2016-10-01 15:57:25] EDIT codebolt/controllers/itocoding.py: 0
[2016-10-01 15:58:38] EDIT codebolt/controllers/itocoding.py: 5
[2016-10-01 16:03:14] EDIT codebolt/controllers/profile.py: 0
[2016-10-01 16:03:36] EDIT codebolt/controllers/profile.py: 0
[2016-10-01 16:04:07] EDIT codebolt/controllers/profile.py: 0
[2016-10-01 16:04:11] EDIT codebolt/models/game.py: 0
[2016-10-01 16:07:26] EDIT codebolt/views/profile/index.html: 3
[2016-10-01 16:07:44] EDIT codebolt/views/profile/index.html: 3
[2016-10-01 16:07:56] EDIT codebolt/views/profile/index.html: 0
[2016-10-01 16:08:11] EDIT codebolt/views/profile/index.html: 0
[2016-10-01 16:08:24] EDIT codebolt/views/profile/index.html: 0
[2016-10-01 16:09:39] EDIT codebolt/views/profile/index.html: 2
[2016-10-01 16:12:13] EDIT codebolt/views/profile/index.html: 2
[2016-10-01 16:19:59] EDIT codebolt/views/profile/index.html: 0
[2016-10-01 16:20:24] EDIT codebolt/views/profile/index.html: -10
[2016-10-01 16:20:52] EDIT codebolt/controllers/itocoding.py: 0
[2016-10-01 16:21:13] EDIT codebolt/views/itocoding/index.html: 0
[2016-10-01 16:21:34] EDIT codebolt/views/itocomputers/index.html: 0
[2016-10-01 16:25:16] EDIT codebolt/controllers/itocoding.py: 5
[2016-10-01 16:35:11] EDIT codebolt/views/default/index.html: 0
[2016-10-01 16:37:51] EDIT codebolt/views/default/index.html: -2
[2016-10-01 16:37:59] EDIT codebolt/views/default/index.html: -1
[2016-10-01 16:38:21] EDIT codebolt/views/default/index.html: -2
[2016-10-01 16:40:49] EDIT codebolt/views/default/index.html: 0
[2016-10-01 16:41:12] EDIT codebolt/views/default/index.html: 0
[2016-10-01 16:41:55] EDIT codebolt/views/default/index.html: 0
[2016-10-01 16:41:59] EDIT codebolt/views/default/index.html: 0
[2016-10-01 16:45:22] UPLOAD /home/reckon/web2py/applications/codebolt/static/images/computerparts.jpg: 204
[2016-10-01 16:45:35] EDIT codebolt/views/default/index.html: 0
[2016-10-01 16:46:24] UPLOAD /home/reckon/web2py/applications/codebolt/static/images/home/computerparts.jpg: 204
[2016-10-01 16:47:50] EDIT codebolt/views/default/index.html: 2
[2016-10-01 16:48:15] EDIT codebolt/views/default/index.html: 1
[2016-10-01 16:48:20] EDIT codebolt/views/default/index.html: -1
[2016-10-01 16:49:26] UPLOAD /home/reckon/web2py/applications/codebolt/static/images/home/computerparts.jpg: 305
[2016-10-01 16:49:43] EDIT codebolt/views/default/index.html: 0
[2016-10-01 16:50:57] UPLOAD /home/reckon/web2py/applications/codebolt/static/images/home/computerparts.jpg: 34
[2016-10-01 16:52:28] UPLOAD /home/reckon/web2py/applications/codebolt/static/images/home/code.png: 76
[2016-10-01 16:52:45] EDIT codebolt/views/default/index.html: 0
[2016-10-01 16:53:28] EDIT codebolt/views/default/index.html: 2
[2016-10-01 16:53:40] EDIT codebolt/views/default/index.html: 0
[2016-10-01 16:55:14] EDIT codebolt/views/default/index.html: 0
[2016-10-01 16:55:40] EDIT codebolt/views/default/index.html: 4
[2016-10-01 16:56:10] EDIT codebolt/views/default/index.html: 2
[2016-10-01 16:58:03] EDIT codebolt/views/default/index.html: 0
[2016-10-01 16:58:40] UPLOAD /home/reckon/web2py/applications/codebolt/static/images/home/codefun.jpg: 89
[2016-10-01 17:02:00] CREATE itocoding/level4.html: 0
[2016-10-01 17:02:06] EDIT codebolt/views/itocoding/level4.html: 412
[2016-10-01 17:02:55] UPLOAD /home/reckon/web2py/applications/codebolt/static/images/tictactoe/blank.png: 4
[2016-10-01 17:03:09] UPLOAD /home/reckon/web2py/applications/codebolt/static/images/tictactoe/comp.png: 9
[2016-10-01 17:03:26] UPLOAD /home/reckon/web2py/applications/codebolt/static/images/tictactoe/player.png: 15
[2016-10-01 17:04:08] EDIT codebolt/views/itocoding/level4.html: 0
[2016-10-01 17:06:05] EDIT codebolt/views/itocoding/level4.html: 0
[2016-10-01 17:07:37] EDIT codebolt/views/itocoding/level4.html: -6
[2016-10-01 17:07:48] EDIT codebolt/views/itocoding/level4.html: 3
[2016-10-01 17:08:02] EDIT codebolt/views/itocoding/level4.html: 1
[2016-10-01 17:10:13] EDIT codebolt/views/itocoding/level4.html: 1
[2016-10-01 17:11:53] EDIT codebolt/controllers/itocoding.py: 1
[2016-10-01 17:13:12] CREATE leaderboard.py: 0
[2016-10-01 17:33:35] EDIT codebolt/controllers/leaderboard.py: 1
[2016-10-01 17:34:07] EDIT codebolt/views/itocoding/index.html: 2
[2016-10-01 17:40:49] EDIT codebolt/views/itocoding/index.html: 3
[2016-10-01 17:49:23] DELETE codebolt/views/itocomputers.index.html: -74
[2016-10-01 17:49:43] CREATE default/rough.html: 0
[2016-10-01 17:50:08] EDIT codebolt/views/default/rough.html: 74
[2016-10-01 17:51:54] EDIT codebolt/views/default/index.html: 0
[2016-10-01 17:52:29] EDIT codebolt/views/itocomputers/index.html: -6
[2016-10-01 17:53:11] EDIT codebolt/views/itocomputers/index.html: 0
[2016-10-01 17:53:53] EDIT codebolt/views/itocomputers/index.html: 0
[2016-10-01 17:54:08] EDIT codebolt/views/itocomputers/index.html: -3
[2016-10-01 17:55:00] EDIT codebolt/views/itocomputers/index.html: 14
[2016-10-01 17:55:13] EDIT codebolt/controllers/itocomputers.py: 0
[2016-10-01 17:55:56] EDIT codebolt/views/itocomputers/index.html: 0
[2016-10-01 17:57:00] EDIT codebolt/views/itocomputers/index.html: 0
[2016-10-01 18:02:06] EDIT codebolt/controllers/itocomputers.py: 13
[2016-10-01 18:02:21] EDIT codebolt/controllers/itocomputers.py: 0
[2016-10-01 18:02:56] EDIT codebolt/controllers/itocomputers.py: 0
[2016-10-01 18:03:16] EDIT codebolt/controllers/itocomputers.py: 0
[2016-10-01 18:04:50] EDIT codebolt/views/itocomputers/index.html: -2
[2016-10-01 18:05:03] EDIT codebolt/views/itocoding/index.html: 0
[2016-10-01 18:06:01] EDIT codebolt/views/itocomputers/index.html: 0
[2016-10-01 18:06:38] EDIT codebolt/views/itocomputers/index.html: 1
[2016-10-01 18:06:47] EDIT codebolt/views/itocomputers/index.html: 0
[2016-10-01 18:07:36] EDIT codebolt/views/itocomputers/index.html: 0
[2016-10-01 18:08:00] EDIT codebolt/views/itocomputers/index.html: 8
[2016-10-01 18:09:26] UPLOAD /home/reckon/web2py/applications/codebolt/static/images/computers/readmefirst.png: 361
[2016-10-01 18:09:43] EDIT codebolt/views/itocomputers/index.html: 0
[2016-10-01 18:10:17] EDIT codebolt/views/itocomputers/index.html: 0
[2016-10-01 18:10:47] EDIT codebolt/views/itocomputers/index.html: 0
[2016-10-01 18:12:00] EDIT codebolt/views/itocomputers/index.html: 0
[2016-10-01 18:12:18] CREATE itocomputers/allaboutcomp.html: 0
[2016-10-01 18:12:58] EDIT codebolt/controllers/itocomputers.py: 2
[2016-10-01 18:13:18] EDIT codebolt/controllers/itocomputers.py: 2
[2016-10-01 18:13:41] EDIT codebolt/views/itocomputers/allaboutcomp.html: 1
[2016-10-01 18:14:30] EDIT codebolt/views/itocomputers/allaboutcomp.html: 0
[2016-10-01 18:14:51] CREATE itocomputers/level1.html: 0
[2016-10-01 18:14:56] EDIT codebolt/views/itocomputers/level1.html: -2
[2016-10-01 18:18:14] UPLOAD /home/reckon/web2py/applications/codebolt/static/images/computers/monitor.png: 92
[2016-10-01 18:18:41] UPLOAD /home/reckon/web2py/applications/codebolt/static/images/computers/all.png: 1020
[2016-10-01 18:18:55] UPLOAD /home/reckon/web2py/applications/codebolt/static/images/computers/cpu.png: 293
[2016-10-01 18:19:17] UPLOAD /home/reckon/web2py/applications/codebolt/static/images/computers/speakers.png: 218
[2016-10-01 18:19:32] UPLOAD /home/reckon/web2py/applications/codebolt/static/images/computers/mouse.png: 206
[2016-10-01 18:19:45] UPLOAD /home/reckon/web2py/applications/codebolt/static/images/computers/keyboard.png: 310
[2016-10-01 18:20:01] UPLOAD /home/reckon/web2py/applications/codebolt/static/images/computers/printer.png: 208
[2016-10-01 18:20:50] EDIT codebolt/views/itocomputers/allaboutcomp.html: 2
[2016-10-01 18:21:05] EDIT codebolt/views/itocomputers/allaboutcomp.html: 1
[2016-10-01 18:21:40] EDIT codebolt/views/itocomputers/allaboutcomp.html: 1
[2016-10-01 18:22:10] EDIT codebolt/views/itocomputers/allaboutcomp.html: 8
[2016-10-01 18:23:00] EDIT codebolt/views/itocomputers/allaboutcomp.html: 3
[2016-10-01 18:24:02] EDIT codebolt/views/itocomputers/allaboutcomp.html: 6
[2016-10-01 18:24:38] EDIT codebolt/views/itocomputers/allaboutcomp.html: 0
[2016-10-01 18:24:46] EDIT codebolt/views/itocomputers/allaboutcomp.html: 2
[2016-10-01 18:25:07] EDIT codebolt/views/itocomputers/allaboutcomp.html: 5
[2016-10-01 18:26:17] UPLOAD /home/reckon/web2py/applications/codebolt/static/images/computers/keyboard.png: 129
[2016-10-01 18:26:42] EDIT codebolt/views/itocomputers/allaboutcomp.html: 4
[2016-10-01 19:43:47] UPLOAD /home/reckon/web2py/applications/codebolt/static/images/computers/level1/back.jpg: 178
[2016-10-01 19:44:17] UPLOAD /home/reckon/web2py/applications/codebolt/static/images/computers/level1/cpu.png: 96
[2016-10-01 19:44:31] UPLOAD /home/reckon/web2py/applications/codebolt/static/images/computers/level1/iron.png: 71
[2016-10-01 19:44:55] UPLOAD /home/reckon/web2py/applications/codebolt/static/images/computers/level1/mouse.png: 113
[2016-10-01 19:45:26] UPLOAD /home/reckon/web2py/applications/codebolt/static/images/computers/level1/printer.png: 91
[2016-10-01 19:47:47] EDIT codebolt/views/itocomputers/level1.html: 108
[2016-10-01 19:48:29] EDIT codebolt/views/itocomputers/level1.html: 0
[2016-10-01 19:49:31] EDIT codebolt/views/itocomputers/level1.html: 0
[2016-10-01 19:50:09] EDIT codebolt/views/itocomputers/level1.html: 0
[2016-10-01 20:28:35] EDIT codebolt/views/itocomputers/level1.html: 1
[2016-10-01 20:30:27] EDIT codebolt/views/itocomputers/level1.html: 1
[2016-10-01 20:33:25] EDIT codebolt/controllers/itocomputers.py: 0
[2016-10-01 20:33:29] EDIT codebolt/views/itocoding/level1.html: 0
[2016-10-01 20:33:34] EDIT codebolt/views/itocomputers/level1.html: 0
[2016-10-01 20:33:53] EDIT codebolt/views/itocomputers/level1.html: 0
[2016-10-01 20:34:29] EDIT codebolt/controllers/itocomputers.py: 0
[2016-10-01 20:36:39] EDIT codebolt/views/itocomputers/allaboutcomp.html: 0
[2016-10-01 20:47:36] UPLOAD /home/reckon/web2py/applications/codebolt/static/images/computers/level1/shirt.jpg: 25
[2016-10-01 20:47:51] UPLOAD /home/reckon/web2py/applications/codebolt/static/images/computers/level1/bottle.jpg: 22
[2016-10-01 20:48:08] EDIT codebolt/views/itocomputers/level1.html: 0
[2016-10-01 20:48:35] EDIT codebolt/views/itocomputers/level1.html: 1
[2016-10-01 20:50:13] EDIT codebolt/views/itocomputers/level1.html: 9
[2016-10-01 20:51:06] EDIT codebolt/views/itocomputers/level1.html: 0
[2016-10-01 20:51:41] EDIT codebolt/views/itocomputers/level1.html: 5
[2016-10-01 20:52:34] EDIT codebolt/views/itocomputers/level1.html: -1
[2016-10-01 20:52:51] EDIT codebolt/views/itocomputers/level1.html: 1
[2016-10-01 20:53:44] EDIT codebolt/views/itocomputers/level1.html: 0
[2016-10-01 20:54:33] DELETE codebolt/static/images/computers/level1/iron.png: -71
[2016-10-01 20:55:22] UPLOAD /home/reckon/web2py/applications/codebolt/static/images/computers/level1/plate.jpg: 27
[2016-10-01 20:56:01] EDIT codebolt/views/itocomputers/level1.html: 0
[2016-10-01 20:56:40] EDIT codebolt/views/itocomputers/level1.html: 1
[2016-10-01 20:57:35] EDIT codebolt/views/itocomputers/level1.html: 5
[2016-10-01 20:59:20] EDIT codebolt/views/itocomputers/level1.html: 4
[2016-10-01 21:00:09] EDIT codebolt/views/itocomputers/level1.html: 0
[2016-10-01 21:00:43] EDIT codebolt/views/itocomputers/level1.html: 0
[2016-10-01 21:01:09] EDIT codebolt/views/itocomputers/level1.html: 6
[2016-10-01 21:02:39] EDIT codebolt/views/itocomputers/level1.html: 1
[2016-10-01 21:03:31] EDIT codebolt/views/itocomputers/index.html: 0
[2016-10-01 21:03:35] EDIT codebolt/controllers/itocomputers.py: 0
[2016-10-01 21:04:41] EDIT codebolt/views/itocomputers/level1.html: 5
[2016-10-01 21:05:48] EDIT codebolt/views/itocomputers/level1.html: 1
[2016-10-01 21:08:19] EDIT codebolt/views/itocomputers/level1.html: 0
[2016-10-01 21:09:24] EDIT codebolt/views/itocomputers/level1.html: 0
[2016-10-01 21:09:52] EDIT codebolt/views/itocomputers/level1.html: 0
[2016-10-01 21:10:05] EDIT codebolt/views/itocomputers/level1.html: 0
[2016-10-19 18:16:14] UPLOAD /home/reckon/web2py/applications/codebolt/static/images/computers/level1/keyboard.png: 84
[2016-10-19 18:16:39] UPLOAD /home/reckon/web2py/applications/codebolt/static/images/computers/level1/monitor.png: 21
[2016-10-19 18:17:54] CREATE itocomputers/level2.html: 0
[2016-10-19 18:18:08] EDIT codebolt/views/itocomputers/level2.html: -2
[2016-10-19 18:18:19] EDIT codebolt/views/itocomputers/level2.html: 131
[2016-10-19 18:20:15] EDIT codebolt/views/itocomputers/level2.html: 0
[2016-10-19 18:21:28] EDIT codebolt/views/itocomputers/level2.html: 0
[2016-10-19 18:21:52] EDIT codebolt/views/itocomputers/level2.html: 0
[2016-10-19 18:26:05] EDIT codebolt/views/itocomputers/level2.html: 0
[2016-10-19 18:28:16] EDIT codebolt/views/itocomputers/level2.html: 16
[2016-10-19 18:29:07] EDIT codebolt/views/itocomputers/level2.html: 0
[2016-10-19 18:30:03] EDIT codebolt/views/itocomputers/level2.html: -8
[2016-10-20 00:03:06] DELETE codeboltreal/views/itocomputers/level1.html.1: -149
[2016-10-20 00:03:34] EDIT codeboltreal/views/itocomputers/level2.html: -3
[2016-10-20 00:08:49] EDIT codeboltreal/views/itocomputers/level2.html: 0
[2016-10-20 00:09:29] EDIT codeboltreal/views/itocomputers/level2.html: 0
[2016-10-20 00:09:44] EDIT codeboltreal/views/itocomputers/level2.html: 0
[2016-10-20 00:11:12] EDIT codeboltreal/views/itocomputers/level2.html: 0
[2016-10-20 00:11:32] EDIT codeboltreal/views/itocomputers/level2.html: 0
[2016-10-20 00:11:36] EDIT codeboltreal/views/itocomputers/level2.html: 0
[2016-10-20 00:12:41] EDIT codeboltreal/views/itocomputers/level2.html: 0
[2016-10-20 00:13:23] EDIT codeboltreal/views/itocomputers/level2.html: 3
[2016-10-20 00:17:50] EDIT codeboltreal/views/itocomputers/level2.html: 3
[2016-10-20 00:18:54] EDIT codeboltreal/views/itocomputers/level2.html: 0
[2016-10-20 00:19:17] EDIT codeboltreal/views/itocomputers/level2.html: 3
[2016-10-20 00:20:36] EDIT codeboltreal/views/itocomputers/level2.html: 16
[2016-10-20 11:00:02] EDIT codeboltreal/views/itocomputers/level2.html: 6
[2016-10-20 11:00:36] EDIT codeboltreal/views/itocomputers/level2.html: 1
[2016-10-20 11:01:12] EDIT codeboltreal/views/itocomputers/level2.html: 0
[2016-10-20 11:01:57] EDIT codeboltreal/views/itocomputers/level2.html: 4
[2016-10-20 11:06:18] EDIT codeboltreal/views/itocomputers/level2.html: 2
[2016-10-20 12:25:09] EDIT codeboltreal/views/itocomputers/level2.html: 1
[2016-10-20 12:25:27] EDIT codeboltreal/views/itocomputers/level2.html: 0
[2016-10-20 12:27:29] EDIT codeboltreal/views/itocomputers/level2.html: 0
[2016-10-20 12:27:34] EDIT codeboltreal/views/itocomputers/level2.html: 0
[2016-10-20 12:27:41] EDIT codeboltreal/views/itocomputers/level2.html: 0
[2016-10-20 12:27:48] EDIT codeboltreal/views/itocomputers/level2.html: 0
[2016-10-20 12:27:56] EDIT codeboltreal/views/itocomputers/level2.html: 0
[2016-10-20 12:28:39] EDIT codeboltreal/views/itocomputers/level2.html: 0
[2016-10-20 12:29:20] EDIT codeboltreal/views/itocomputers/level2.html: 0
[2016-10-20 12:29:43] EDIT codeboltreal/views/itocomputers/level2.html: 0
[2016-10-20 12:30:54] EDIT codeboltreal/views/itocomputers/level2.html: -4
[2016-10-20 12:33:16] CREATE codeandenjoy.py: 0
[2016-10-20 12:33:45] EDIT codeboltreal/views/default/index.html: 0
[2016-10-20 12:34:10] CREATE codeandenjoy/index.html: 0
[2016-10-20 12:34:14] EDIT codeboltreal/views/codeandenjoy/index.html: -2
[2016-10-20 12:34:44] EDIT codeboltreal/views/codeandenjoy/index.html: 81
[2016-10-20 12:39:06] EDIT codeboltreal/views/default/index.html: 0
[2016-10-20 12:39:35] EDIT codeboltreal/views/default/index.html: 0
[2016-10-20 12:40:05] EDIT codeboltreal/views/default/index.html: 0
[2016-10-20 12:40:13] EDIT codeboltreal/views/default/index.html: 0
[2016-10-20 12:40:43] EDIT codeboltreal/views/default/index.html: 0
[2016-10-20 12:40:58] EDIT codeboltreal/views/default/index.html: 0
[2016-10-20 12:41:07] EDIT codeboltreal/views/default/index.html: 0
[2016-10-20 12:41:27] EDIT codeboltreal/views/default/index.html: 0
[2016-10-20 12:41:58] EDIT codeboltreal/views/codeandenjoy/index.html: 0
[2016-10-20 12:43:27] EDIT codeboltreal/views/codeandenjoy/index.html: 0
[2016-10-20 12:45:25] EDIT codeboltreal/views/codeandenjoy/index.html: 0
[2016-10-20 12:45:55] EDIT codeboltreal/controllers/codeandenjoy.py: 7
[2016-10-20 12:46:26] EDIT codeboltreal/controllers/codeandenjoy.py: 0
[2016-10-20 12:47:29] EDIT codeboltreal/views/codeandenjoy/index.html: 0
[2016-10-20 12:47:59] EDIT codeboltreal/views/codeandenjoy/index.html: 0
[2016-10-20 12:48:14] EDIT codeboltreal/views/codeandenjoy/index.html: 0
[2016-10-20 12:48:29] EDIT codeboltreal/views/codeandenjoy/index.html: 0
[2016-10-20 12:48:47] EDIT codeboltreal/views/codeandenjoy/index.html: 0
[2016-10-20 12:49:37] CREATE codeandenjoy/level1.html: 0
[2016-10-20 14:33:42] EDIT codeboltreal/views/codeandenjoy/index.html: 1
[2016-10-20 14:51:17] EDIT codeboltreal/views/codeandenjoy/level1.html: 171
[2016-10-20 14:52:01] CREATE codeandenjoy/level2.html: 0
[2016-10-20 14:55:43] EDIT codeboltreal/controllers/codeandenjoy.py: 2
[2016-10-20 14:56:39] EDIT codeboltreal/views/codeandenjoy/level1.html: 0
[2016-10-20 14:56:56] EDIT codeboltreal/views/codeandenjoy/level1.html: 0
[2016-10-20 15:08:32] EDIT codeboltreal/views/codeandenjoy/level1.html: 0
[2016-10-20 15:08:46] EDIT codeboltreal/views/codeandenjoy/level1.html: 0
[2016-10-20 15:09:21] EDIT codeboltreal/views/codeandenjoy/level1.html: 0
[2016-10-20 15:10:15] EDIT codeboltreal/views/codeandenjoy/level1.html: 0
[2016-10-20 15:10:25] EDIT codeboltreal/views/codeandenjoy/level1.html: 0
[2016-10-20 15:10:32] EDIT codeboltreal/views/codeandenjoy/level1.html: 0
[2016-10-20 15:11:05] EDIT codeboltreal/views/codeandenjoy/level1.html: 0
[2016-10-20 15:11:45] EDIT codeboltreal/views/codeandenjoy/level1.html: 0
[2016-10-20 15:21:20] EDIT codeboltreal/views/codeandenjoy/level1.html: 7
[2016-10-20 15:21:54] EDIT codeboltreal/views/codeandenjoy/level1.html: 0
[2016-10-20 18:57:33] EDIT codeboltreal/views/codeandenjoy/level1.html: 0
[2016-10-20 18:58:11] EDIT codeboltreal/views/codeandenjoy/level1.html: 0
[2016-10-20 18:58:21] EDIT codeboltreal/views/codeandenjoy/level1.html: 0
[2016-10-20 18:58:53] EDIT codeboltreal/views/codeandenjoy/level1.html: 1
[2016-10-20 18:59:01] EDIT codeboltreal/views/codeandenjoy/level1.html: 0
[2016-10-20 18:59:57] EDIT codeboltreal/views/codeandenjoy/level1.html: 0
[2016-10-20 19:00:41] EDIT codeboltreal/views/codeandenjoy/level2.html: 180
[2016-10-20 19:00:48] EDIT codeboltreal/views/codeandenjoy/level2.html: -1
[2016-10-20 19:01:08] EDIT codeboltreal/controllers/codeandenjoy.py: 2
[2016-10-20 19:02:14] EDIT codeboltreal/views/codeandenjoy/level1.html: 3
[2016-10-20 19:02:48] EDIT codeboltreal/views/codeandenjoy/level1.html: 1
[2016-10-20 19:03:07] EDIT codeboltreal/views/codeandenjoy/level1.html: 0
[2016-10-20 19:04:51] EDIT codeboltreal/views/codeandenjoy/level1.html: 0
[2016-10-20 19:05:17] EDIT codeboltreal/views/codeandenjoy/level1.html: 0
[2016-10-20 19:06:11] EDIT codeboltreal/views/codeandenjoy/level1.html: 0
[2016-10-20 19:06:24] EDIT codeboltreal/views/codeandenjoy/level1.html: 0
[2016-10-20 19:06:32] EDIT codeboltreal/views/codeandenjoy/level1.html: 0
[2016-10-20 19:07:56] EDIT codeboltreal/views/codeandenjoy/level1.html: -14
[2016-10-20 19:09:16] EDIT codeboltreal/views/codeandenjoy/level1.html: 1
[2016-10-20 19:09:49] EDIT codeboltreal/views/codeandenjoy/level1.html: 0
[2016-10-20 19:10:32] EDIT codeboltreal/views/codeandenjoy/level1.html: -8
[2016-10-20 19:16:38] EDIT codeboltreal/views/codeandenjoy/level1.html: 3
[2016-10-20 19:17:37] EDIT codeboltreal/views/codeandenjoy/level1.html: 1
[2016-10-20 19:18:45] EDIT codeboltreal/views/codeandenjoy/level1.html: 0
[2016-10-20 19:20:01] EDIT codeboltreal/views/codeandenjoy/level1.html: 1
[2016-10-20 19:20:17] EDIT codeboltreal/views/codeandenjoy/level1.html: 0
[2016-10-20 19:20:35] EDIT codeboltreal/views/codeandenjoy/level1.html: 0
[2016-10-20 19:20:55] EDIT codeboltreal/views/codeandenjoy/level1.html: 1
[2016-10-20 19:21:05] EDIT codeboltreal/views/codeandenjoy/level1.html: 0
[2016-10-20 19:21:08] EDIT codeboltreal/views/codeandenjoy/level1.html: 0
[2016-10-20 19:21:32] EDIT codeboltreal/views/codeandenjoy/level1.html: -1
[2016-10-20 19:22:19] EDIT codeboltreal/views/codeandenjoy/level1.html: 2
[2016-10-20 19:22:34] EDIT codeboltreal/views/codeandenjoy/level1.html: 0
[2016-10-20 19:23:42] EDIT codeboltreal/views/codeandenjoy/level1.html: 0
[2016-10-20 19:24:01] EDIT codeboltreal/views/codeandenjoy/level1.html: 0
[2016-10-20 19:24:28] EDIT codeboltreal/views/codeandenjoy/level1.html: 0
[2016-10-20 19:26:20] EDIT codeboltreal/views/codeandenjoy/level1.html: 1
[2016-10-20 19:28:00] EDIT codeboltreal/views/codeandenjoy/level1.html: 0
[2016-10-20 19:28:17] EDIT codeboltreal/views/codeandenjoy/level1.html: 0
[2016-10-20 19:28:46] EDIT codeboltreal/views/codeandenjoy/level1.html: 0
[2016-10-20 19:30:03] EDIT codeboltreal/views/codeandenjoy/level1.html: -10
[2016-10-20 19:33:03] EDIT codeboltreal/controllers/codeandenjoy.py: 3
[2016-10-20 19:35:55] EDIT codeboltreal/controllers/codeandenjoy.py: 2
[2016-10-20 21:29:18] EDIT codeboltreal/controllers/codeandenjoy.py: 6
[2016-10-20 21:29:24] EDIT codeboltreal/controllers/codeandenjoy.py: 0
[2016-10-20 21:29:40] EDIT codeboltreal/controllers/codeandenjoy.py: 0
[2016-10-20 21:29:57] EDIT codeboltreal/controllers/codeandenjoy.py: 0
[2016-10-20 21:30:37] EDIT codeboltreal/controllers/codeandenjoy.py: 0
[2016-10-20 21:34:08] EDIT codeboltreal/views/codeandenjoy/level1.html: 7
[2016-10-20 21:34:19] EDIT codeboltreal/views/codeandenjoy/level1.html: 0
[2016-10-20 21:34:46] EDIT codeboltreal/views/codeandenjoy/level1.html: 4
[2016-10-20 21:34:57] EDIT codeboltreal/views/codeandenjoy/level1.html: 0
[2016-10-20 21:35:08] EDIT codeboltreal/views/codeandenjoy/level1.html: 0
[2016-10-20 21:35:52] EDIT codeboltreal/views/codeandenjoy/level1.html: 1
[2016-10-20 21:36:02] EDIT codeboltreal/views/codeandenjoy/level1.html: 0
[2016-10-20 21:36:17] EDIT codeboltreal/views/codeandenjoy/level1.html: 0
[2016-10-20 21:37:53] EDIT codeboltreal/views/codeandenjoy/level1.html: 0
[2016-10-20 21:38:22] EDIT codeboltreal/controllers/codeandenjoy.py: 0
[2016-10-20 21:38:52] EDIT codeboltreal/views/codeandenjoy/level1.html: 0
[2016-10-20 21:41:29] EDIT codeboltreal/views/codeandenjoy/level1.html: 1
[2016-10-20 21:42:45] EDIT codeboltreal/views/codeandenjoy/level1.html: 0
[2016-10-20 21:46:36] EDIT codeboltreal/views/codeandenjoy/level1.html: 1
[2016-10-20 21:47:21] EDIT codeboltreal/views/codeandenjoy/level1.html: 0
[2016-10-20 21:48:51] EDIT codeboltreal/views/codeandenjoy/level1.html: 0
[2016-10-20 21:49:35] EDIT codeboltreal/views/codeandenjoy/level1.html: 1
[2016-10-20 21:50:28] EDIT codeboltreal/views/codeandenjoy/level1.html: 0
[2016-10-20 21:50:39] EDIT codeboltreal/views/codeandenjoy/level1.html: 0
[2016-10-20 21:52:24] EDIT codeboltreal/views/codeandenjoy/level1.html: 1
[2016-10-20 21:53:00] EDIT codeboltreal/views/codeandenjoy/level1.html: 0
[2016-10-20 21:55:44] EDIT codeboltreal/views/codeandenjoy/level1.html: 0
[2016-10-20 21:56:59] EDIT codeboltreal/views/codeandenjoy/level1.html: 0
[2016-10-20 21:57:12] EDIT codeboltreal/views/codeandenjoy/level1.html: -2
[2016-10-20 21:57:16] EDIT codeboltreal/views/codeandenjoy/level1.html: 0
[2016-10-20 21:57:33] EDIT codeboltreal/views/codeandenjoy/level1.html: -1
[2016-10-20 21:58:13] EDIT codeboltreal/controllers/codeandenjoy.py: 0
[2016-10-20 21:59:03] EDIT codeboltreal/views/codeandenjoy/index.html: 0
[2016-10-20 22:19:42] EDIT codeboltreal/views/codeandenjoy/level2.html: 5
[2016-10-20 22:20:01] EDIT codeboltreal/views/codeandenjoy/level2.html: 0
[2016-10-20 22:22:58] EDIT codeboltreal/views/codeandenjoy/level2.html: 5
[2016-10-20 22:23:43] EDIT codeboltreal/views/codeandenjoy/level2.html: -2
[2016-10-20 22:26:41] EDIT codeboltreal/views/codeandenjoy/level2.html: 7
[2016-10-20 22:28:56] EDIT codeboltreal/views/codeandenjoy/level2.html: 0
[2016-10-20 22:29:20] EDIT codeboltreal/views/codeandenjoy/level2.html: 0
[2016-10-20 22:37:17] EDIT codeboltreal/views/codeandenjoy/level1.html: 2
[2016-10-20 22:37:21] EDIT codeboltreal/views/codeandenjoy/level1.html: 1
[2016-10-20 22:37:34] EDIT codeboltreal/views/codeandenjoy/level2.html: 3
[2016-10-20 22:47:48] EDIT codeboltreal/views/codeandenjoy/level2.html: 2
[2016-10-20 22:48:05] EDIT codeboltreal/views/codeandenjoy/level2.html: 0
[2016-10-20 22:51:26] EDIT codeboltreal/views/codeandenjoy/level2.html: 2
[2016-10-20 22:51:38] EDIT codeboltreal/views/codeandenjoy/level2.html: 0
[2016-10-20 22:51:52] EDIT codeboltreal/views/codeandenjoy/level2.html: 0
[2016-10-20 22:52:25] EDIT codeboltreal/views/codeandenjoy/level1.html: 0
[2016-10-20 22:56:07] EDIT codeboltreal/views/codeandenjoy/level2.html: 0
[2016-10-20 22:56:23] EDIT codeboltreal/views/codeandenjoy/level2.html: -15
[2016-10-20 22:56:50] EDIT codeboltreal/views/codeandenjoy/level2.html: -4
[2016-10-20 22:56:53] EDIT codeboltreal/views/codeandenjoy/level2.html: 0
[2016-10-20 22:58:53] EDIT codeboltreal/views/codeandenjoy/level2.html: 5
[2016-10-20 22:59:18] EDIT codeboltreal/views/codeandenjoy/level2.html: 3
[2016-10-20 23:06:41] EDIT codeboltreal/views/codeandenjoy/level2.html: 9
[2016-10-20 23:07:59] EDIT codeboltreal/views/codeandenjoy/level2.html: 0
[2016-10-20 23:09:18] EDIT codeboltreal/views/codeandenjoy/level2.html: -1
[2016-10-20 23:09:56] EDIT codeboltreal/views/codeandenjoy/level2.html: -4
[2016-10-20 23:12:01] EDIT codeboltreal/views/codeandenjoy/level2.html: 0
[2016-10-20 23:13:17] EDIT codeboltreal/views/codeandenjoy/level2.html: 1
[2016-10-20 23:13:44] EDIT codeboltreal/views/codeandenjoy/level2.html: 0
[2016-10-20 23:15:39] CREATE codeandenjoy/level3.html: 0
[2016-10-20 23:15:47] EDIT codeboltreal/views/codeandenjoy/level3.html: 195
[2016-10-20 23:16:02] EDIT codeboltreal/views/codeandenjoy/level3.html: 0
[2016-10-20 23:55:24] EDIT codeboltreal/views/codeandenjoy/level2.html: 1
[2016-10-20 23:56:43] EDIT codeboltreal/views/codeandenjoy/level2.html: 0
[2016-10-20 23:59:03] EDIT codeboltreal/views/codeandenjoy/level2.html: -20
[2016-10-21 00:02:06] EDIT codeboltreal/views/codeandenjoy/level2.html: 6
[2016-10-21 00:02:41] EDIT codeboltreal/views/codeandenjoy/level2.html: 0
[2016-10-21 00:03:14] EDIT codeboltreal/views/codeandenjoy/level2.html: 4
[2016-10-21 00:04:30] EDIT codeboltreal/views/codeandenjoy/level2.html: 0
[2016-10-21 00:05:09] EDIT codeboltreal/views/codeandenjoy/level2.html: 1
[2016-10-21 00:05:27] EDIT codeboltreal/views/codeandenjoy/level2.html: 0
[2016-10-21 00:08:25] EDIT codeboltreal/views/codeandenjoy/level2.html: 2
[2016-10-21 00:09:34] EDIT codeboltreal/views/codeandenjoy/level2.html: 0
[2016-10-21 00:10:59] EDIT codeboltreal/views/codeandenjoy/level2.html: 3
[2016-10-21 00:11:22] EDIT codeboltreal/views/codeandenjoy/level2.html: 0
[2016-10-21 00:12:56] EDIT codeboltreal/views/codeandenjoy/level2.html: 2
[2016-10-21 00:13:08] EDIT codeboltreal/views/codeandenjoy/level2.html: 0
[2016-10-21 00:14:14] EDIT codeboltreal/views/codeandenjoy/level2.html: 3
[2016-10-21 00:14:23] EDIT codeboltreal/views/codeandenjoy/level2.html: 0
[2016-10-21 00:14:52] EDIT codeboltreal/views/codeandenjoy/level2.html: 0
[2016-10-21 00:15:38] EDIT codeboltreal/views/codeandenjoy/level2.html: 0
[2016-10-21 00:16:04] EDIT codeboltreal/views/codeandenjoy/level2.html: 0
[2016-10-21 00:17:44] EDIT codeboltreal/views/codeandenjoy/level2.html: 2
[2016-10-21 00:18:09] EDIT codeboltreal/views/codeandenjoy/level1.html: 2
[2016-10-21 00:20:10] EDIT codeboltreal/views/codeandenjoy/level2.html: 0
[2016-10-21 00:20:32] EDIT codeboltreal/views/codeandenjoy/level2.html: 0
[2016-10-21 00:21:13] EDIT codeboltreal/views/codeandenjoy/level2.html: 0
[2016-10-21 01:04:23] EDIT codeboltreal/views/codeandenjoy/level3.html: 0
[2016-10-21 01:09:19] EDIT codeboltreal/views/codeandenjoy/level3.html: 0
[2016-10-21 01:25:50] EDIT codeboltreal/views/codeandenjoy/level3.html: -4
[2016-10-21 01:29:08] EDIT codeboltreal/views/default/index.html: 0
[2016-10-21 01:29:55] EDIT codeboltreal/controllers/codeandenjoy.py: 6
[2016-10-21 01:30:09] EDIT codeboltreal/controllers/codeandenjoy.py: 0
[2016-10-21 01:32:51] DELETE codeboltreal/views/itocoding/level4.html: -414
[2016-10-20 20:09:57] EDIT codebolt/models/menu.py: -1
[2016-10-20 20:10:53] CREATE itocoding/level2.html: 0
[2016-10-21 10:29:13] UPLOAD /home/reckon/web2py/applications/codebolt/static/swap/bean_blue.png: 18
[2016-10-21 10:29:30] UPLOAD /home/reckon/web2py/applications/codebolt/static/swap/bean_green.png: 20
[2016-10-21 10:29:59] UPLOAD /home/reckon/web2py/applications/codebolt/static/swap/bean_orange.png: 13
[2016-10-21 10:30:20] UPLOAD /home/reckon/web2py/applications/codebolt/static/swap/bean_pink.png: 21
[2016-10-21 10:30:47] UPLOAD /home/reckon/web2py/applications/codebolt/static/swap/bean_yellow.png: 16
[2016-10-21 10:31:03] UPLOAD /home/reckon/web2py/applications/codebolt/static/swap/candycane.png: 17
[2016-10-21 10:35:33] EDIT codebolt/views/itocoding/level2.html: 331
[2016-10-21 10:37:25] EDIT codebolt/views/itocoding/level2.html: 0
[2016-10-21 10:39:06] EDIT codebolt/views/itocoding/level2.html: 0
[2016-10-21 10:40:35] EDIT codebolt/controllers/itocoding.py: 0
[2016-10-21 10:41:48] EDIT codebolt/views/itocoding/level2.html: 0
[2016-10-21 10:42:07] EDIT codebolt/views/itocoding/level2.html: 0
[2016-10-21 10:42:48] EDIT codebolt/views/itocoding/level2.html: 1
[2016-10-21 10:43:18] EDIT codebolt/views/itocoding/level2.html: 0
[2016-10-21 10:45:47] EDIT codebolt/views/itocoding/level2.html: -1
[2016-10-21 10:46:23] EDIT codebolt/views/itocoding/level2.html: 1
[2016-10-21 10:47:31] EDIT codebolt/views/itocoding/level2.html: 0
[2016-10-21 10:47:50] EDIT codebolt/views/itocoding/level2.html: 0
[2016-10-21 10:48:01] EDIT codebolt/views/itocoding/level2.html: 0
[2016-10-21 10:50:12] EDIT codebolt/views/itocoding/level2.html: 0
[2016-10-21 10:53:05] EDIT codebolt/views/itocoding/level2.html: 0
[2016-10-21 10:53:06] EDIT codebolt/views/itocoding/level2.html: 0
[2016-10-21 10:53:34] EDIT codebolt/views/itocoding/level2.html: 0
[2016-10-21 11:03:48] EDIT codebolt/views/itocoding/level2.html: 2
[2016-10-21 12:18:09] EDIT codebolt/views/itocoding/level2.html: 56
[2016-10-21 12:18:54] EDIT codebolt/views/itocoding/level2.html: 2
[2016-10-21 12:23:53] EDIT codebolt/views/itocoding/level2.html: -2
[2016-10-21 12:24:38] EDIT codebolt/views/itocoding/level2.html: 0
[2016-10-21 12:26:51] EDIT codebolt/views/itocoding/level2.html: -3
[2016-10-21 12:27:18] EDIT codebolt/views/itocoding/level2.html: 0
[2016-10-21 12:28:18] EDIT codebolt/views/itocoding/level2.html: 3
[2016-10-21 12:28:21] EDIT codebolt/views/itocoding/level2.html: 0
[2016-10-21 12:29:49] EDIT codebolt/views/itocoding/level2.html: -4
[2016-10-21 12:32:18] EDIT codebolt/views/itocoding/level2.html: 1
[2016-10-21 12:33:05] EDIT codebolt/views/itocoding/level2.html: 0
[2016-10-21 12:33:24] EDIT codebolt/views/itocoding/level2.html: 0
[2016-10-21 12:33:30] EDIT codebolt/views/itocoding/level2.html: 0
[2016-10-21 12:35:11] EDIT codebolt/views/itocoding/level2.html: 0
[2016-10-21 12:36:14] EDIT codebolt/views/itocoding/level2.html: 0
[2016-10-21 12:37:12] EDIT codebolt/views/itocoding/level2.html: 0
[2016-10-21 12:37:37] EDIT codebolt/views/itocoding/level2.html: 0
[2016-10-21 12:38:20] EDIT codebolt/views/itocoding/level2.html: 0
[2016-10-21 12:38:52] EDIT codebolt/views/codeandenjoy/level3.html: 82
[2016-10-21 12:38:55] EDIT codebolt/views/itocoding/level2.html: -2
[2016-10-21 12:39:46] UPLOAD /home/reckon/web2py/applications/codebolt/static/images/circles/linkedlist.bmp: 1
[2016-10-21 12:42:03] EDIT codebolt/views/itocoding/level2.html: 0
[2016-10-21 12:42:06] EDIT codebolt/views/itocoding/level2.html: 0
[2016-10-21 12:42:17] EDIT codebolt/views/codeandenjoy/level2.html: 0
[2016-10-21 12:43:28] EDIT codebolt/views/codeandenjoy/level1.html: 0
[2016-10-21 12:45:21] EDIT codebolt/views/itocoding/level2.html: 0
[2016-10-21 12:46:06] EDIT codebolt/views/itocoding/level2.html: -2
[2016-10-21 12:47:02] EDIT codebolt/views/itocoding/level2.html: -1
[2016-10-21 12:52:55] EDIT codebolt/views/itocoding/level2.html: 1
[2016-10-21 12:54:30] EDIT codebolt/views/itocoding/level2.html: -1
[2016-10-21 12:56:08] EDIT codebolt/views/itocoding/level2.html: 0
[2016-10-21 12:57:52] EDIT codebolt/views/itocoding/level2.html: 0
[2016-10-21 13:01:09] EDIT codebolt/views/itocoding/level2.html: -2
[2016-10-21 13:04:15] EDIT codebolt/views/itocoding/level2.html: 0
[2016-10-21 13:05:22] EDIT codebolt/views/itocoding/level2.html: 0
[2016-10-21 13:11:12] EDIT codebolt/controllers/itocoding.py: 0
[2016-10-21 13:11:19] EDIT codebolt/controllers/codeandenjoy.py: 0
[2016-10-21 13:18:36] EDIT codebolt/views/itocoding/level2.html: 0
[2016-10-21 13:18:37] EDIT codebolt/views/itocoding/level2.html: 0
[2016-10-21 13:19:39] EDIT codebolt/views/itocoding/level2.html: 2
[2016-10-21 13:21:30] CREATE itocoding/level3.html: 0
[2016-10-21 13:21:36] EDIT codebolt/views/itocoding/level2.html: -48
[2016-10-21 13:21:40] EDIT codebolt/views/itocoding/level3.html: -2
[2016-10-21 13:31:55] EDIT codebolt/views/itocoding/level2.html: 6
[2016-10-21 13:32:06] EDIT codebolt/views/itocoding/level2.html: 0
[2016-10-21 13:33:54] EDIT codebolt/views/itocoding/level2.html: 1
[2016-10-21 13:40:38] EDIT codebolt/views/itocoding/level2.html: 5
[2016-10-21 13:41:02] EDIT codebolt/views/itocoding/level2.html: 0
[2016-10-21 13:41:41] EDIT codebolt/views/itocoding/level2.html: 0
[2016-10-21 13:43:01] EDIT codebolt/views/itocoding/level2.html: 0
[2016-10-21 13:43:27] EDIT codebolt/views/itocoding/level2.html: 0
[2016-10-21 13:43:55] EDIT codebolt/views/itocoding/level2.html: 0
[2016-10-21 13:43:59] EDIT codebolt/views/itocoding/level2.html: 0
[2016-10-21 13:44:59] EDIT codebolt/views/itocoding/level2.html: 0
[2016-10-21 13:45:17] EDIT codebolt/views/itocoding/level2.html: 0
[2016-10-21 13:50:55] EDIT codebolt/views/itocoding/level2.html: 0
[2016-10-21 13:51:03] EDIT codebolt/views/itocoding/level2.html: 0
[2016-10-21 13:51:21] EDIT codebolt/views/itocoding/level2.html: 0
[2016-10-21 15:48:12] EDIT codebolt/views/itocoding/level2.html: 2
[2016-10-21 15:50:27] EDIT codebolt/controllers/itocoding.py: 3
[2016-10-21 16:01:25] EDIT codebolt/controllers/itocoding.py: 2
[2016-10-21 17:55:12] EDIT codebolt/views/codeandenjoy/level1.html: 21
[2016-10-21 17:55:31] EDIT codebolt/views/codeandenjoy/level2.html: 21
[2016-10-21 18:10:54] EDIT codebolt/views/itocoding/level2.html: 3
[2016-10-21 18:13:39] EDIT codebolt/views/itocoding/level2.html: 3
[2016-10-21 18:13:40] EDIT codebolt/views/itocoding/level2.html: 0
[2016-10-21 18:14:14] EDIT codebolt/views/itocoding/level2.html: 1
[2016-10-21 18:15:49] EDIT codebolt/views/itocoding/level2.html: 1
[2016-10-21 18:18:15] EDIT codebolt/views/itocoding/level2.html: 3
[2016-10-21 18:18:56] EDIT codebolt/controllers/default.py: 1
[2016-10-21 18:20:14] EDIT codebolt/controllers/default.py: 1
[2016-10-21 18:20:15] EDIT codebolt/controllers/default.py: 0
[2016-10-21 18:20:25] EDIT codebolt/controllers/default.py: 0
[2016-10-21 18:20:32] EDIT codebolt/views/itocoding/level2.html: 0
[2016-10-21 18:21:42] EDIT codebolt/views/itocoding/level2.html: 0
[2016-10-21 18:22:08] EDIT codebolt/views/itocoding/level2.html: 0
[2016-10-21 18:22:15] EDIT codebolt/controllers/default.py: 2
[2016-10-21 18:22:45] CREATE default/mobileindex.html: 0
[2016-10-21 18:22:52] EDIT codebolt/views/default/mobileindex.html: -2
[2016-10-21 18:23:28] EDIT codebolt/views/default/mobileindex.html: 6
[2016-10-21 18:23:45] EDIT codebolt/views/default/mobileindex.html: 0
[2016-10-21 18:23:50] EDIT codebolt/controllers/default.py: 0
[2016-10-21 18:24:35] EDIT codebolt/controllers/default.py: 0
[2016-10-21 18:25:08] EDIT codebolt/controllers/default.py: 0
[2016-10-21 18:25:30] EDIT codebolt/controllers/default.py: 0
[2016-10-21 18:27:05] EDIT codebolt/views/default/mobileindex.html: 3
[2016-10-21 18:29:00] EDIT codebolt/views/default/mobileindex.html: 9
[2016-10-21 18:29:29] EDIT codebolt/views/default/mobileindex.html: 6
[2016-10-21 18:29:53] EDIT codebolt/views/default/mobileindex.html: 0
[2016-10-21 18:30:15] EDIT codebolt/views/default/mobileindex.html: 0
[2016-10-21 18:31:46] EDIT codebolt/views/default/mobileindex.html: 0
[2016-10-21 18:31:59] EDIT codebolt/views/default/mobileindex.html: 0
[2016-10-21 18:32:24] EDIT codebolt/views/default/mobileindex.html: 0
[2016-10-21 18:32:34] EDIT codebolt/views/default/mobileindex.html: 0
[2016-10-21 18:33:41] EDIT codebolt/views/default/mobileindex.html: 0
[2016-10-21 18:33:50] EDIT codebolt/views/default/mobileindex.html: 0
[2016-10-21 18:34:22] EDIT codebolt/views/default/mobileindex.html: 4
[2016-10-21 18:34:59] EDIT codebolt/controllers/itocoding.py: 2
[2016-10-21 18:35:10] EDIT codebolt/controllers/itocoding.py: 10
[2016-10-21 18:35:30] CREATE itocoding/mobileindex.html: 0
[2016-10-21 18:35:41] EDIT codebolt/controllers/itocoding.py: -2
[2016-10-21 18:35:56] EDIT codebolt/views/itocoding/mobileindex.html: 79
[2016-10-21 18:37:20] EDIT codebolt/views/itocoding/mobileindex.html: -41
[2016-10-21 18:37:45] EDIT codebolt/views/itocoding/mobileindex.html: -10
[2016-10-21 18:38:18] EDIT codebolt/views/itocoding/mobileindex.html: 3
[2016-10-21 18:40:26] EDIT codebolt/views/itocoding/mobileindex.html: 2
[2016-10-21 18:41:53] EDIT codebolt/controllers/itocoding.py: 0
[2016-10-21 18:42:33] EDIT codebolt/views/itocoding/mobileindex.html: 0
[2016-10-21 18:43:31] EDIT codebolt/views/itocoding/mobileindex.html: 0
[2016-10-21 18:44:22] EDIT codebolt/views/itocoding/mobileindex.html: 0
[2016-10-21 18:44:42] EDIT codebolt/views/itocoding/mobileindex.html: 0
[2016-10-21 18:44:57] EDIT codebolt/views/itocoding/mobileindex.html: 2
[2016-10-21 18:48:52] EDIT codebolt/views/itocoding/mobileindex.html: 0
[2016-10-21 18:49:22] EDIT codebolt/views/itocoding/mobileindex.html: -4
[2016-10-21 18:49:32] EDIT codebolt/views/itocoding/mobileindex.html: 4
[2016-10-22 20:26:56] EDIT app/controllers/codeandenjoy.py: 6
[2016-10-22 20:27:22] CREATE codeandenjoy/level4.html: 0
[2016-10-22 20:27:28] EDIT app/views/codeandenjoy/level4.html: -2
[2016-10-22 20:44:31] UPLOAD /home/codebolt/web2py/applications/app/static/images/boys/boy1.jpg: 59
[2016-10-22 20:44:49] UPLOAD /home/codebolt/web2py/applications/app/static/images/boys/boy2.jpg: 49
[2016-10-22 20:44:58] UPLOAD /home/codebolt/web2py/applications/app/static/images/boys/boy3.jpg: 47
[2016-10-22 20:45:15] UPLOAD /home/codebolt/web2py/applications/app/static/images/boys/you.jpg: 55
[2016-10-22 20:45:33] UPLOAD /home/codebolt/web2py/applications/app/static/images/boys/boy5.jpg: 51
[2016-10-22 20:45:42] UPLOAD /home/codebolt/web2py/applications/app/static/images/boys/boy6.jpg: 54
[2016-10-22 20:45:51] UPLOAD /home/codebolt/web2py/applications/app/static/images/boys/boy7.jpg: 52
[2016-10-22 20:46:19] UPLOAD /home/codebolt/web2py/applications/app/static/images/boys/hostel.jpg: 328
[2016-10-22 20:46:38] UPLOAD /home/codebolt/web2py/applications/app/static/images/boys/cloud1.jpg: 184
[2016-10-22 20:46:54] UPLOAD /home/codebolt/web2py/applications/app/static/images/boys/school.jpg: 396
[2016-10-22 20:49:59] EDIT app/views/codeandenjoy/level4.html: 145
[2016-10-22 20:50:44] EDIT app/views/codeandenjoy/level4.html: 0
[2016-10-22 20:51:25] UPLOAD /home/codebolt/web2py/applications/app/static/images/boys/bus.png: 47
[2016-10-22 20:52:06] EDIT app/views/codeandenjoy/level4.html: 8
[2016-10-22 20:54:24] EDIT app/views/codeandenjoy/level4.html: 0
[2016-10-22 20:54:32] EDIT app/views/codeandenjoy/level4.html: 0
[2016-10-22 20:55:00] EDIT app/views/codeandenjoy/level4.html: 0
[2016-10-22 20:55:11] EDIT app/views/codeandenjoy/level4.html: 0
[2016-10-22 20:56:08] EDIT app/views/codeandenjoy/level4.html: 0
[2016-10-22 20:56:16] EDIT app/views/codeandenjoy/level4.html: 0
[2016-10-22 20:58:00] EDIT app/views/codeandenjoy/level4.html: -1
[2016-10-22 20:59:03] UPLOAD /home/codebolt/web2py/applications/app/static/images/boys/cloud1.jpg: 161
[2016-10-22 20:59:24] EDIT app/views/codeandenjoy/level4.html: 1
[2016-10-22 20:59:37] EDIT app/views/codeandenjoy/level4.html: 2
[2016-10-22 20:59:51] EDIT app/views/codeandenjoy/level4.html: -2
[2016-10-22 21:00:05] EDIT app/views/codeandenjoy/level4.html: 5
[2016-10-22 21:01:53] UPLOAD /home/codebolt/web2py/applications/app/static/images/boys/cloud1.jpg: 161
[2016-10-22 21:04:06] UPLOAD /home/codebolt/web2py/applications/app/static/images/boys/cloud1.jpg: 184
[2016-10-22 21:05:43] EDIT app/views/codeandenjoy/level4.html: -1
[2016-10-22 21:06:31] EDIT app/views/codeandenjoy/level4.html: 0
[2016-10-22 21:06:38] EDIT app/views/codeandenjoy/level4.html: 0
[2016-10-22 21:06:46] EDIT app/views/codeandenjoy/level4.html: 0
[2016-10-22 21:07:25] EDIT app/views/codeandenjoy/level4.html: 0
[2016-10-22 21:08:06] EDIT app/views/codeandenjoy/level4.html: 2
[2016-10-22 21:08:18] EDIT app/views/codeandenjoy/level4.html: 0
[2016-10-22 21:08:36] EDIT app/views/codeandenjoy/level4.html: -3
[2016-10-22 21:08:39] EDIT app/views/codeandenjoy/level4.html: 1
[2016-10-22 21:09:28] EDIT app/views/codeandenjoy/level4.html: 0
[2016-10-22 21:10:08] EDIT app/views/codeandenjoy/level4.html: 0
[2016-10-22 21:10:18] EDIT app/views/codeandenjoy/level4.html: 0
[2016-10-22 21:10:44] EDIT app/views/codeandenjoy/level4.html: 0
[2016-10-22 21:13:55] UPLOAD /home/codebolt/web2py/applications/app/static/images/ds/pop.gif: 99
[2016-10-22 21:14:16] UPLOAD /home/codebolt/web2py/applications/app/static/images/ds/push.gif: 155
[2016-10-22 21:14:46] EDIT app/views/codeandenjoy/level4.html: 1
[2016-10-22 21:15:01] EDIT app/views/codeandenjoy/level4.html: 1
[2016-10-22 21:15:37] EDIT app/views/codeandenjoy/level4.html: 0
[2016-10-22 21:15:51] EDIT app/views/codeandenjoy/level4.html: 3
[2016-10-22 21:16:05] EDIT app/views/codeandenjoy/level4.html: 3
[2016-10-22 21:18:22] EDIT app/views/codeandenjoy/level4.html: 3
[2016-10-22 21:18:46] EDIT app/views/codeandenjoy/level4.html: 0
[2016-10-22 21:19:17] EDIT app/views/codeandenjoy/level4.html: 0
[2016-10-22 21:19:25] EDIT app/views/codeandenjoy/level4.html: 1
[2016-10-22 21:19:50] EDIT app/views/codeandenjoy/level4.html: 1
[2016-10-22 21:20:58] EDIT app/views/codeandenjoy/level4.html: 1
[2016-10-22 21:21:07] EDIT app/views/codeandenjoy/level4.html: 0
[2016-10-22 21:21:33] EDIT app/views/codeandenjoy/level4.html: 5
[2016-10-22 21:23:17] EDIT app/views/codeandenjoy/level4.html: 3
[2016-10-22 21:26:40] EDIT app/views/codeandenjoy/level4.html: 4
[2016-10-22 21:29:40] EDIT app/views/codeandenjoy/level4.html: 2
[2016-10-22 21:29:45] EDIT app/views/codeandenjoy/level4.html: 0
[2016-10-22 21:32:09] EDIT app/views/codeandenjoy/level4.html: 4
[2016-10-22 21:32:26] EDIT app/views/codeandenjoy/level4.html: 0
[2016-10-22 21:32:57] EDIT app/views/codeandenjoy/level4.html: 3
[2016-10-22 21:37:51] EDIT app/views/codeandenjoy/level4.html: 7
[2016-10-22 21:38:21] EDIT app/views/codeandenjoy/level4.html: -7
[2016-10-22 21:39:24] EDIT app/views/codeandenjoy/level4.html: 0
[2016-10-22 21:40:38] EDIT app/views/codeandenjoy/level4.html: 2
[2016-10-22 21:42:21] EDIT app/views/codeandenjoy/level4.html: 1
[2016-10-22 21:43:36] EDIT app/views/codeandenjoy/level4.html: 2
[2016-10-22 21:44:09] EDIT app/views/codeandenjoy/level4.html: 3
[2016-10-22 21:44:41] CREATE codeandenjoy.level5.html: 0
[2016-10-22 21:46:19] CREATE codeandenjoy/level5.html: 0
[2016-10-22 21:47:15] DELETE app/views/codeandenjoy/level4.html.1: -190
[2016-10-22 21:47:42] EDIT app/views/codeandenjoy/level5.html: 198
[2016-10-22 21:48:03] EDIT app/views/codeandenjoy/level5.html: 0
[2016-10-22 21:48:10] EDIT app/views/codeandenjoy/level5.html: 0
[2016-10-22 21:58:29] EDIT app/views/codeandenjoy/level5.html: -1
[2016-10-22 22:01:15] EDIT app/controllers/itocomputers.py: 6
[2016-10-22 22:01:17] EDIT app/controllers/itocomputers.py: 0
[2016-10-22 22:02:46] CREATE itocomputers/level3.html: 0
[2016-10-22 22:02:52] EDIT app/views/itocomputers/level3.html: 124
[2016-10-22 22:02:54] EDIT app/views/itocomputers/level3.html: 0
[2016-10-22 22:03:02] EDIT app/views/layout.html: 0
[2016-10-22 22:04:29] UPLOAD /home/codebolt/web2py/applications/app/static/computers/female.jpg: 23
[2016-10-22 22:05:09] DELETE app/static/computers/female.jpg: -23
[2016-10-22 22:05:37] UPLOAD /home/codebolt/web2py/applications/app/static/images/ds/queue.jpg: 91
[2016-10-22 22:05:42] UPLOAD /home/codebolt/web2py/applications/app/static/images/computers/female.jpg: 23
[2016-10-22 22:06:12] EDIT app/controllers/codeandenjoy.py: 6
[2016-10-22 22:06:29] EDIT app/controllers/codeandenjoy.py: 0
[2016-10-22 22:07:29] UPLOAD /home/codebolt/web2py/applications/app/static/images/computers/female.jpg: 23
[2016-10-22 22:08:01] EDIT app/views/codeandenjoy/level4.html: 2
[2016-10-22 22:08:06] EDIT app/views/codeandenjoy/level4.html: 0
[2016-10-22 22:08:24] EDIT app/views/codeandenjoy/level4.html: 0
[2016-10-22 22:08:40] EDIT app/views/codeandenjoy/level4.html: 0
[2016-10-22 22:09:19] EDIT app/views/codeandenjoy/level4.html: 1
[2016-10-22 22:09:51] EDIT app/views/codeandenjoy/level4.html: 1
[2016-10-22 22:09:56] EDIT app/views/codeandenjoy/level4.html: 0
[2016-10-22 22:10:45] UPLOAD /home/codebolt/web2py/applications/app/static/complevel3/female.jpg: 23
[2016-10-22 22:11:04] EDIT app/views/codeandenjoy/level4.html: 0
[2016-10-22 22:11:09] DELETE app/static/complevel3/female.jpg: -23
[2016-10-22 22:11:23] UPLOAD /home/codebolt/web2py/applications/app/static/images/female.jpg: 23
[2016-10-22 22:11:31] EDIT app/views/codeandenjoy/level4.html: 3
[2016-10-22 22:11:41] UPLOAD /home/codebolt/web2py/applications/app/static/images/male.jpg: 60
[2016-10-22 22:12:02] EDIT app/views/itocomputers/level3.html: 0
[2016-10-22 22:12:03] EDIT app/views/itocomputers/level3.html: 0
[2016-10-22 22:12:12] EDIT app/views/itocomputers/level3.html: 0
[2016-10-22 22:12:20] EDIT app/views/codeandenjoy/level4.html: 1
[2016-10-22 22:13:08] EDIT app/views/codeandenjoy/level4.html: 0
[2016-10-22 22:14:16] DELETE app/static/images/female.jpg: -23
[2016-10-22 22:15:45] UPLOAD /home/codebolt/web2py/applications/app/static/images/female.jpg: 23
[2016-10-22 22:16:28] DELETE app/static/images/male.jpg: -60
[2016-10-22 22:17:02] UPLOAD /home/codebolt/web2py/applications/app/static/images/male.jpg: 60
[2016-10-22 22:19:43] DELETE app/static/images/female.jpg: -23
[2016-10-22 22:19:53] DELETE app/static/images/male.jpg: -60
[2016-10-22 22:19:58] EDIT app/views/codeandenjoy/level5.html: 9
[2016-10-22 22:20:52] EDIT app/views/codeandenjoy/level5.html: 0
[2016-10-22 22:21:03] EDIT app/views/codeandenjoy/level5.html: -1
[2016-10-22 22:21:44] EDIT app/views/codeandenjoy/level5.html: -2
[2016-10-22 22:21:49] EDIT app/views/codeandenjoy/level5.html: -6
[2016-10-22 22:22:06] UPLOAD /home/codebolt/web2py/applications/app/static/images/computers/female.jpg: 23
[2016-10-22 22:23:58] UPLOAD /home/codebolt/web2py/applications/app/static/images/computers/male.jpg: 60
[2016-10-22 22:24:18] EDIT app/views/itocomputers/level3.html: 0
[2016-10-22 22:25:08] EDIT app/controllers/itocomputers.py: 0
[2016-10-22 22:26:05] UPLOAD /home/codebolt/web2py/applications/app/static/bus2.png: 7
[2016-10-22 22:26:26] DELETE app/static/bus2.png: -7
[2016-10-22 22:27:18] EDIT app/controllers/itocomputers.py: 0
[2016-10-22 22:27:30] EDIT app/views/itocomputers/level3.html: 0
[2016-10-22 22:34:04] EDIT app/views/codeandenjoy/level5.html: 2
[2016-10-22 22:34:39] UPLOAD /home/codebolt/web2py/applications/app/static/images/ds/bus2.png: 7
[2016-10-22 22:34:56] EDIT app/views/codeandenjoy/level5.html: 0
[2016-10-22 22:35:51] UPLOAD /home/codebolt/web2py/applications/app/static/images/boys/bus2.png: 11
[2016-10-22 22:35:57] EDIT app/views/codeandenjoy/level5.html: 0
[2016-10-22 22:36:17] EDIT app/views/codeandenjoy/level5.html: 0
[2016-10-22 22:36:29] EDIT app/views/codeandenjoy/level5.html: 0
[2016-10-22 22:37:12] EDIT app/views/codeandenjoy/level5.html: 0
[2016-10-22 22:37:40] EDIT app/views/codeandenjoy/level5.html: 0
[2016-10-22 22:37:51] EDIT app/views/codeandenjoy/level5.html: 0
[2016-10-22 22:38:04] EDIT app/views/codeandenjoy/level5.html: 0
[2016-10-22 22:38:15] EDIT app/views/codeandenjoy/level5.html: 0
[2016-10-22 22:40:23] EDIT app/views/codeandenjoy/level5.html: 0
[2016-10-22 22:41:17] EDIT app/views/codeandenjoy/level5.html: 0
[2016-10-22 22:41:38] EDIT app/views/codeandenjoy/level4.html: 0
[2016-10-22 22:43:30] CREATE codeandenjoy/level6.html: 0
[2016-10-22 22:43:37] EDIT app/views/codeandenjoy/level6.html: -2
[2016-10-22 22:55:54] UPLOAD /home/codebolt/web2py/applications/app/static/images/ds/counter.png: 486
[2016-10-22 22:56:16] UPLOAD /home/codebolt/web2py/applications/app/static/images/ds/queue1.jpg: 387
[2016-10-22 22:57:50] EDIT app/views/codeandenjoy/level6.html: 2
[2016-10-22 22:58:18] EDIT app/controllers/codeandenjoy.py: 6
[2016-10-22 22:59:33] EDIT app/views/codeandenjoy/level5.html: 0
[2016-10-22 23:01:26] EDIT app/views/codeandenjoy/level6.html: 0
[2016-10-22 23:03:00] UPLOAD /home/codebolt/web2py/applications/app/static/images/ds/counter.png: 340
[2016-10-22 23:03:16] UPLOAD /home/codebolt/web2py/applications/app/static/images/ds/queue1.jpg: 121
[2016-10-22 23:03:56] EDIT app/views/codeandenjoy/level6.html: 5
[2016-10-22 23:04:04] EDIT app/views/codeandenjoy/level6.html: 0
[2016-10-22 23:04:45] EDIT app/views/codeandenjoy/level6.html: 0
[2016-10-22 23:05:02] EDIT app/views/codeandenjoy/level6.html: 1
[2016-10-22 23:05:12] EDIT app/views/codeandenjoy/level6.html: 0
[2016-10-22 23:14:17] EDIT app/views/codeandenjoy/level6.html: 4
[2016-10-22 23:15:29] UPLOAD /home/codebolt/web2py/applications/app/static/images/ds/queue2.jpg: 68
[2016-10-22 23:15:54] UPLOAD /home/codebolt/web2py/applications/app/static/images/ds/queue3.jpg: 70
[2016-10-22 23:16:06] EDIT app/views/codeandenjoy/level6.html: 0
[2016-10-22 23:16:17] EDIT app/views/codeandenjoy/level6.html: 3
[2016-10-22 23:16:33] EDIT app/views/codeandenjoy/level6.html: 0
[2016-10-22 23:16:59] EDIT app/views/codeandenjoy/level6.html: 0
[2016-10-22 23:18:27] EDIT app/views/codeandenjoy/level6.html: 3
[2016-10-22 23:21:09] EDIT app/views/codeandenjoy/level5.html: 0
[2016-10-22 23:21:12] EDIT app/views/codeandenjoy/level5.html: 0
[2016-10-22 23:23:33] EDIT app/views/codeandenjoy/level5.html: 10
[2016-10-22 23:23:45] EDIT app/views/codeandenjoy/level5.html: 3
[2016-10-22 23:23:52] EDIT app/views/codeandenjoy/level5.html: 0
[2016-10-22 23:23:58] EDIT app/views/codeandenjoy/level5.html: 0
[2016-10-22 23:24:53] EDIT app/views/codeandenjoy/level5.html: 1
[2016-10-23 02:29:42] EDIT app/views/default/index.html: 0
[2016-10-23 02:31:10] EDIT app/views/default/index.html: 0
[2016-10-23 02:33:38] EDIT app/views/codeandenjoy/index.html: 0
[2016-10-23 02:34:32] EDIT app/views/itocoding/index.html: 0
[2016-10-23 02:35:14] EDIT app/views/itocoding/index.html: 0
[2016-10-23 02:35:38] EDIT app/views/itocomputers/index.html: 0
[2016-10-23 02:41:19] EDIT app/views/codeandenjoy/level5.html: 2
[2016-10-23 02:45:09] EDIT app/views/codeandenjoy/level5.html: 4
[2016-10-23 02:46:06] EDIT app/views/codeandenjoy/level5.html: 0
[2016-10-23 02:48:10] EDIT app/views/codeandenjoy/level5.html: 10
[2016-10-23 02:48:17] EDIT app/views/codeandenjoy/level5.html: 4
[2016-10-23 02:48:51] EDIT app/views/codeandenjoy/level5.html: -6
[2016-10-23 02:49:22] EDIT app/views/codeandenjoy/level5.html: 2
[2016-10-23 02:50:02] EDIT app/views/codeandenjoy/level5.html: 0
[2016-10-23 02:50:43] EDIT app/views/codeandenjoy/level5.html: 0
[2016-10-23 02:51:29] EDIT app/views/codeandenjoy/level5.html: 0
[2016-10-23 03:11:50] UPLOAD /home/codebolt/web2py/applications/app/static/images/level4/cpu.png: 84
[2016-10-23 03:13:36] DELETE app/static/images/level4/cpu.png: -84
[2016-10-23 03:14:52] UPLOAD /home/codebolt/web2py/applications/app/static/images/computers/level4/cpu.png: 84
[2016-10-23 03:15:09] UPLOAD /home/codebolt/web2py/applications/app/static/images/computers/level4/cpu.png: 84
[2016-10-23 03:15:35] UPLOAD /home/codebolt/web2py/applications/app/static/images/computers/level4/female.png: 19
[2016-10-23 03:16:22] UPLOAD /home/codebolt/web2py/applications/app/static/images/computers/level4/female_cpu.png: 19
[2016-10-23 03:16:39] UPLOAD /home/codebolt/web2py/applications/app/static/images/computers/level4/keyboard.png: 89
[2016-10-23 03:17:19] UPLOAD /home/codebolt/web2py/applications/app/static/images/computers/level4/male_cpu.jpg: 8
[2016-10-23 03:17:39] UPLOAD /home/codebolt/web2py/applications/app/static/images/computers/level4/monitor.png: 26
[2016-10-23 03:17:55] UPLOAD /home/codebolt/web2py/applications/app/static/images/computers/level4/mouse.png: 94
[2016-10-23 03:18:41] UPLOAD /home/codebolt/web2py/applications/app/static/images/computers/level4/printer.png: 93
[2016-10-23 03:19:01] UPLOAD /home/codebolt/web2py/applications/app/static/images/computers/level4/usb.jpg: 14
[2016-10-23 03:19:17] DELETE app/views/itocomputers/level3.html: -127
[2016-10-23 03:20:24] CREATE itocomputers/level3.html: 0
[2016-10-23 03:20:43] EDIT app/views/itocomputers/level3.html: 185
[2016-10-23 03:21:21] EDIT app/views/codeandenjoy/level5.html: 0
[2016-10-23 03:21:32] EDIT app/views/codeandenjoy/level5.html: 0
[2016-10-23 03:22:13] EDIT app/views/itocomputers/level3.html: 0
[2016-10-23 03:22:31] EDIT app/views/itocomputers/level3.html: 0
[2016-10-23 03:22:33] EDIT app/views/itocomputers/level3.html: 0
[2016-10-23 03:28:16] EDIT app/views/codeandenjoy/level5.html: 15
[2016-10-23 03:31:50] EDIT app/views/codeandenjoy/level5.html: 4
[2016-10-23 03:42:08] EDIT app/views/codeandenjoy/level5.html: 4
[2016-10-23 03:43:46] EDIT app/views/codeandenjoy/level5.html: 0
[2016-10-23 03:43:56] EDIT app/controllers/codeandenjoy.py: 0
[2016-10-23 04:09:11] EDIT app/views/itocomputers/level3.html: 0
[2016-10-23 04:09:53] EDIT app/controllers/default.py: 0
[2016-10-23 04:10:58] EDIT app/views/itocoding/level2.html: -2
[2016-10-23 04:12:00] EDIT app/controllers/default.py: 3
[2016-10-23 04:12:21] EDIT app/controllers/default.py: 0
[2016-10-23 04:12:27] EDIT app/controllers/default.py: 0
[2016-10-23 04:13:56] EDIT app/views/profile/index.html: 2
[2016-10-23 04:14:32] EDIT app/views/default/index.html: 2
[2016-10-23 04:14:49] EDIT app/controllers/default.py: -1
[2016-10-23 04:21:46] EDIT app/views/itocomputers/level3.html: 0
[2016-10-23 04:21:47] EDIT app/views/itocomputers/level3.html: 0
[2016-10-23 04:22:11] EDIT app/views/itocomputers/level3.html: 0
[2016-10-23 04:24:56] EDIT app/views/itocoding/level2.html: 1
[2016-10-23 04:26:43] EDIT app/views/itocoding/level2.html: 0
[2016-10-23 04:26:45] EDIT app/views/itocoding/level2.html: 0
[2016-10-23 04:29:07] EDIT app/views/itocoding/level2.html: 0
[2016-10-23 04:30:29] EDIT app/views/itocoding/level2.html: 1
[2016-10-23 04:32:17] EDIT app/controllers/itocoding.py: 0
[2016-10-23 04:32:36] EDIT app/controllers/itocoding.py: 2
[2016-10-23 04:36:54] EDIT app/controllers/default.py: 0
[2016-10-23 04:36:59] EDIT app/views/itocomputers/level3.html: 0
[2016-10-23 04:38:21] EDIT app/views/itocomputers/level3.html: 0
[2016-10-23 04:38:27] EDIT app/views/itocomputers/level3.html: 0
[2016-10-23 04:38:36] EDIT app/views/codeandenjoy/index.html: 2
[2016-10-23 04:39:31] EDIT app/views/codeandenjoy/index.html: 0
[2016-10-23 04:39:58] EDIT app/views/itocomputers/index.html: 2
[2016-10-23 04:40:21] EDIT app/views/itocoding/index.html: 2
[2016-10-23 04:40:41] EDIT app/views/itocomputers/level3.html: 0
[2016-10-23 04:40:42] EDIT app/views/itocomputers/level3.html: 0
[2016-10-23 06:15:40] EDIT app/views/itocomputers/level3.html: 27
[2016-10-23 06:19:06] EDIT app/views/itocomputers/level3.html: 0
[2016-10-23 06:19:07] EDIT app/views/itocomputers/level3.html: 0
[2016-10-23 06:29:06] EDIT app/views/itocomputers/level3.html: 0
[2016-10-23 06:29:07] EDIT app/views/itocomputers/level3.html: 0
[2016-10-23 06:29:46] EDIT app/views/itocomputers/level3.html: 0
[2016-10-23 06:30:52] EDIT app/views/itocomputers/level3.html: 0
[2016-10-23 06:30:55] EDIT app/views/itocomputers/level3.html: 0
[2016-10-23 06:31:18] EDIT app/views/itocomputers/level3.html: 0
[2016-10-23 06:31:41] EDIT app/views/itocoding/level2.html: -147
[2016-10-23 06:32:33] EDIT app/views/itocoding/level2.html: 0
[2016-10-23 06:32:46] EDIT app/controllers/itocomputers.py: 0
[2016-10-23 06:36:13] EDIT app/views/itocomputers/level2.html: 43
[2016-10-23 06:36:20] EDIT app/views/itocomputers/level2.html: 0
[2016-10-23 06:36:53] EDIT app/views/itocomputers/level3.html: 0
[2016-10-23 06:37:24] EDIT app/views/itocomputers/level2.html: 0
[2016-10-23 06:38:19] EDIT app/views/itocomputers/level2.html: 0
[2016-10-23 06:38:25] EDIT app/views/itocomputers/level2.html: 0
[2016-10-23 06:39:21] EDIT app/views/itocomputers/level2.html: 0
[2016-10-23 06:39:31] EDIT app/views/itocomputers/level2.html: 0
[2016-10-23 06:39:37] EDIT app/views/itocomputers/level2.html: 0
[2016-10-23 06:45:42] EDIT app/views/itocoding/level2.html: 147
[2016-10-23 06:52:59] EDIT app/views/itocoding/level2.html: 1
[2016-10-23 06:55:32] EDIT app/views/itocoding/level2.html: 1
[2016-10-23 06:56:03] EDIT app/views/itocomputers/level2.html: 2
[2016-10-23 07:00:47] EDIT app/views/codeandenjoy/level2.html: 0
[2016-10-23 07:03:52] EDIT app/views/codeandenjoy/level3.html: 0
[2016-10-23 07:05:42] EDIT app/views/codeandenjoy/level3.html: 0
[2016-10-23 07:17:54] EDIT app/views/itocoding/level2.html: 0
[2016-10-23 07:20:50] UPLOAD /home/codebolt/web2py/applications/app/static/cloud1.jpg: 276
[2016-10-23 07:21:50] EDIT app/views/codeandenjoy/level4.html: 0
[2016-10-23 07:23:20] UPLOAD /home/codebolt/web2py/applications/app/static/images/boys/cloud1.jpg: 276
[2016-10-23 07:26:58] EDIT app/views/codeandenjoy/level4.html: 0
[2016-10-23 07:27:42] EDIT app/views/codeandenjoy/level4.html: 1
[2016-10-23 07:27:58] EDIT app/views/codeandenjoy/level4.html: 0
[2016-10-23 07:28:36] EDIT app/views/codeandenjoy/level4.html: 1
[2016-10-23 07:28:57] EDIT app/views/codeandenjoy/level4.html: 0
[2016-10-23 07:29:00] EDIT app/views/codeandenjoy/level4.html: 0
[2016-10-23 07:29:14] UPLOAD /home/codebolt/web2py/applications/app/static/cloud2.jpg: 212
[2016-10-23 07:30:01] EDIT app/views/codeandenjoy/level4.html: 0
[2016-10-23 07:30:46] EDIT app/views/codeandenjoy/level4.html: 0
[2016-10-23 07:30:59] EDIT app/views/codeandenjoy/level4.html: 0
[2016-10-23 07:31:48] EDIT app/views/codeandenjoy/level4.html: 0
[2016-10-23 08:18:43] EDIT app/models/db.py: 0
[2016-10-23 08:18:46] EDIT app/models/db.py: 0
[2016-10-23 08:18:52] EDIT app/models/game.py: 0
[2016-10-23 08:19:02] EDIT app/models/menu.py: 0
[2016-10-23 08:19:55] EDIT app/controllers/itocoding.py: 0
[2016-10-23 08:19:59] EDIT app/controllers/appadmin.py: 0
[2016-10-23 08:20:02] EDIT app/controllers/codeandenjoy.py: 0
[2016-10-23 08:20:49] EDIT app/controllers/codeandenjoy.py: 0
[2016-10-23 08:20:54] EDIT app/controllers/default.py: 0
[2016-10-23 08:21:00] EDIT app/controllers/itocoding.py: 0
[2016-10-23 08:21:04] EDIT app/controllers/itocomputers.py: 0
[2016-10-23 08:21:09] EDIT app/controllers/leaderboard.py: 0
[2016-10-23 08:21:14] EDIT app/controllers/profile.py: 0
[2016-10-23 08:22:16] EDIT app/views/appadmin.html: 0
[2016-10-23 08:22:22] EDIT app/views/codeandenjoy.level5.html: 0
[2016-10-23 08:22:27] EDIT app/views/codeandenjoy/index.html: 0
[2016-10-23 08:22:34] EDIT app/views/codeandenjoy/level1.html: 0
[2016-10-23 08:22:40] EDIT app/views/codeandenjoy/level2.html: 0
[2016-10-23 08:23:17] EDIT app/views/codeandenjoy/level2.html: 0
[2016-10-23 08:23:22] EDIT app/views/codeandenjoy/level3.html: 0
[2016-10-23 08:23:26] EDIT app/views/codeandenjoy/level4.html: 0
[2016-10-23 08:23:32] EDIT app/views/codeandenjoy.level5.html: 0
[2016-10-23 08:23:37] EDIT app/views/codeandenjoy.level5.html: 0
[2016-10-23 08:23:51] EDIT app/views/codeandenjoy/level5.html: 0
[2016-10-23 08:23:56] EDIT app/views/codeandenjoy/level6.html: 0
[2016-10-23 08:30:13] EDIT app/views/codeandenjoy/level6.html: 0
[2016-10-23 08:30:14] EDIT app/views/codeandenjoy/level6.html: 0
[2016-10-23 08:30:20] EDIT app/views/default/index.html: 0
[2016-10-23 08:30:25] EDIT app/views/default/mobileindex.html: 0
[2016-10-23 08:30:31] EDIT app/views/default/rough.html: 0
[2016-10-23 08:30:40] EDIT app/views/default/user.html: 0
[2016-10-23 08:30:48] EDIT app/views/generic.html: 0
[2016-10-23 08:31:08] EDIT app/views/generic.ics: 0
[2016-10-23 08:31:12] EDIT app/views/generic.json: 0
[2016-10-23 08:31:19] EDIT app/views/generic.jsonp: 0
[2016-10-23 08:31:24] EDIT app/views/generic.load: 0
[2016-10-23 08:31:29] EDIT app/views/generic.map: 0
[2016-10-23 08:31:34] EDIT app/views/generic.pdf: 0
[2016-10-23 08:31:41] EDIT app/views/generic.rss: 0
[2016-10-23 08:31:48] EDIT app/views/generic.xml: 0
[2016-10-23 08:32:05] EDIT app/views/itocoding/index.html: 0
[2016-10-23 08:32:10] EDIT app/views/itocoding/level1.html: 0
[2016-10-23 08:32:15] EDIT app/views/itocoding/level2.html: 0
[2016-10-23 08:32:20] EDIT app/views/itocoding/level3.html: 0
[2016-10-23 08:32:24] EDIT app/views/itocoding/level2.html.1: 0
[2016-10-23 08:32:38] EDIT app/views/itocoding/mobileindex.html: 0
[2016-10-23 08:32:46] EDIT app/views/itocomputers/allaboutcomp.html: 0
[2016-10-23 08:32:56] EDIT app/views/itocomputers/index.html: 0
[2016-10-23 08:33:01] EDIT app/views/itocomputers/level1.html: 0
[2016-10-23 08:33:17] EDIT app/views/itocomputers/level1.html: 0
[2016-10-23 08:33:21] EDIT app/views/itocomputers/level2.html: 0
[2016-10-23 08:33:25] EDIT app/views/itocomputers/level3.html: 0
[2016-10-23 08:33:30] EDIT app/views/itocomputers/level3.html.1: 0
[2016-10-23 08:33:35] EDIT app/views/layout.html: 0
[2016-10-23 08:33:39] EDIT app/views/profile/index.html: 0
[2016-10-23 08:33:45] EDIT app/views/web2py_ajax.html: 0
[2016-10-23 08:50:12] EDIT app/views/codeandenjoy/level4.html: 0
[2016-10-23 08:50:41] EDIT app/views/codeandenjoy/level4.html: 0
[2016-10-23 08:52:32] EDIT app/views/codeandenjoy/level5.html: 0
[2016-10-23 08:54:03] EDIT app/views/codeandenjoy/level5.html: 0
[2016-10-23 08:54:08] EDIT app/views/codeandenjoy/level5.html: 0
[2016-10-23 10:36:19] EDIT app/views/codeandenjoy/level5.html: 0
[2016-10-23 10:36:56] EDIT app/views/codeandenjoy/level5.html: 0
[2016-10-23 10:43:54] EDIT app/views/itocomputers/level3.html: 0
[2016-11-12 09:38:37] EDIT app/controllers/codeandenjoy.py: 0
[2017-07-20 20:53:38] EDIT app/views/itocoding/level1.html: -1
[2017-07-20 20:54:24] EDIT app/views/itocoding/level1.html: 1
